#
# There is insufficient memory for the Java Runtime Environment to continue.
# Native memory allocation (malloc) failed to allocate 82837504 bytes for committing reserved memory.
# Possible reasons:
#   The system is out of physical RAM or swap space
#   In 32 bit mode, the process size limit was hit
# Possible solutions:
#   Reduce memory load on the system
#   Increase physical memory or swap space
#   Check if swap backing store is full
#   Use 64 bit Java on a 64 bit OS
#   Decrease Java heap size (-Xmx/-Xms)
#   Decrease number of Java threads
#   Decrease Java thread stack sizes (-Xss)
#   Set larger code cache with -XX:ReservedCodeCacheSize=
# This output file may be truncated or incomplete.
#
#  Out of Memory Error (os_linux.cpp:2726), pid=13630, tid=140288077068032
#
# JRE version: Java(TM) SE Runtime Environment (7.0_55-b13) (build 1.7.0_55-b13)
# Java VM: Java HotSpot(TM) 64-Bit Server VM (24.55-b03 mixed mode linux-amd64 compressed oops)
# Failed to write core dump. Core dumps have been disabled. To enable core dumping, try "ulimit -c unlimited" before starting Java again
#

---------------  T H R E A D  ---------------

Current thread (0x00007f9760069800):  VMThread [stack: 0x00007f975ceff000,0x00007f975d000000] [id=13638]

Stack: [0x00007f975ceff000,0x00007f975d000000],  sp=0x00007f975cffe260,  free space=1020k
Native frames: (J=compiled Java code, j=interpreted, Vv=VM code, C=native code)
V  [libjvm.so+0x99305a]  VMError::report_and_die()+0x2ea
V  [libjvm.so+0x4931fb]  report_vm_out_of_memory(char const*, int, unsigned long, char const*)+0x9b
V  [libjvm.so+0x8134be]  os::Linux::commit_memory_impl(char*, unsigned long, bool)+0xfe
V  [libjvm.so+0x81396f]  os::Linux::commit_memory_impl(char*, unsigned long, unsigned long, bool)+0x4f
V  [libjvm.so+0x813b5c]  os::pd_commit_memory(char*, unsigned long, unsigned long, bool)+0xc
V  [libjvm.so+0x80dc1a]  os::commit_memory(char*, unsigned long, unsigned long, bool)+0x2a
V  [libjvm.so+0x87fde3]  PSVirtualSpace::expand_by(unsigned long)+0x53
V  [libjvm.so+0x8811b8]  PSYoungGen::resize_generation(unsigned long, unsigned long)+0xf8
V  [libjvm.so+0x880322]  PSYoungGen::resize(unsigned long, unsigned long)+0x22
V  [libjvm.so+0x87d7bb]  PSScavenge::invoke_no_policy()+0xf3b
V  [libjvm.so+0x87df21]  PSScavenge::invoke()+0x41
V  [libjvm.so+0x835020]  ParallelScavengeHeap::failed_mem_allocate(unsigned long)+0x70
V  [libjvm.so+0x9948f7]  VM_ParallelGCFailedAllocation::doit()+0x97
V  [libjvm.so+0x99bd25]  VM_Operation::evaluate()+0x55
V  [libjvm.so+0x99a15a]  VMThread::evaluate_operation(VM_Operation*)+0xba
V  [libjvm.so+0x99a4de]  VMThread::loop()+0x1ce
V  [libjvm.so+0x99a950]  VMThread::run()+0x70
V  [libjvm.so+0x815668]  java_start(Thread*)+0x108

VM_Operation (0x00007f97549246a0): ParallelGCFailedAllocation, mode: safepoint, requested by thread 0x00007f9720026800


---------------  P R O C E S S  ---------------

Java Threads: ( => current thread )
  0x00007f9724279000 JavaThread "File lock request listener" [_thread_in_native, id=13665, stack(0x00007f975436e000,0x00007f975446f000)]
  0x00007f97241e3800 JavaThread "process reaper" daemon [_thread_blocked, id=13664, stack(0x00007f975446f000,0x00007f97544a8000)]
  0x00007f972401a800 JavaThread "Stdin handler" [_thread_blocked, id=13653, stack(0x00007f9754629000,0x00007f975472a000)]
  0x00007f9724001800 JavaThread "Handler for socket connection at /127.0.0.1:56467 with /127.0.0.1:49535" [_thread_in_native, id=13650, stack(0x00007f975472a000,0x00007f975482b000)]
  0x00007f9720026800 JavaThread "Daemon" [_thread_blocked, id=13649, stack(0x00007f975482b000,0x00007f975492c000)]
  0x00007f97605e2800 JavaThread "Incoming local TCP Connector on port 56467" [_thread_in_native, id=13648, stack(0x00007f975492c000,0x00007f9754a2d000)]
  0x00007f9760096800 JavaThread "Service Thread" daemon [_thread_blocked, id=13644, stack(0x00007f975c215000,0x00007f975c316000)]
  0x00007f9760094000 JavaThread "C2 CompilerThread1" daemon [_thread_blocked, id=13643, stack(0x00007f975c316000,0x00007f975c417000)]
  0x00007f9760091000 JavaThread "C2 CompilerThread0" daemon [_thread_in_native, id=13642, stack(0x00007f975c417000,0x00007f975c518000)]
  0x00007f9760087000 JavaThread "Signal Dispatcher" daemon [_thread_blocked, id=13641, stack(0x00007f975c518000,0x00007f975c619000)]
  0x00007f9760070000 JavaThread "Finalizer" daemon [_thread_blocked, id=13640, stack(0x00007f975ccfd000,0x00007f975cdfe000)]
  0x00007f976006c000 JavaThread "Reference Handler" daemon [_thread_blocked, id=13639, stack(0x00007f975cdfe000,0x00007f975ceff000)]
  0x00007f976000a000 JavaThread "main" [_thread_blocked, id=13633, stack(0x00007f9768ac1000,0x00007f9768bc2000)]

Other Threads:
=>0x00007f9760069800 VMThread [stack: 0x00007f975ceff000,0x00007f975d000000] [id=13638]
  0x00007f97600a1800 WatcherThread [stack: 0x00007f975c114000,0x00007f975c215000] [id=13645]

VM state:at safepoint (normal execution)

VM Mutex/Monitor currently owned by a thread:  ([mutex/lock_event])
[0x00007f97600064d0] Threads_lock - owner thread: 0x00007f9760069800
[0x00007f97600069d0] Heap_lock - owner thread: 0x00007f9720026800

Heap
 PSYoungGen      total 69632K, used 5104K [0x00000000eaa80000, 0x00000000ef380000, 0x0000000100000000)
  eden space 64512K, 0% used [0x00000000eaa80000,0x00000000eaa80000,0x00000000ee980000)
  from space 5120K, 99% used [0x00000000ee980000,0x00000000eee7c3c0,0x00000000eee80000)
  to   space 5120K, 0% used [0x00000000eee80000,0x00000000eee80000,0x00000000ef380000)
 ParOldGen       total 83968K, used 16607K [0x00000000c0000000, 0x00000000c5200000, 0x00000000eaa80000)
  object space 83968K, 19% used [0x00000000c0000000,0x00000000c1037f70,0x00000000c5200000)
 PSPermGen       total 24064K, used 23856K [0x00000000b0000000, 0x00000000b1780000, 0x00000000c0000000)
  object space 24064K, 99% used [0x00000000b0000000,0x00000000b174c370,0x00000000b1780000)

Card table byte_map: [0x00007f9765b4c000,0x00007f9765dcd000] byte_map_base: 0x00007f97655cc000

Polling page: 0x00007f9768bde000

Code Cache  [0x00007f975d000000, 0x00007f975d270000, 0x00007f9760000000)
 total_blobs=889 nmethods=327 adapters=515 free_code_cache=46876Kb largest_free_block=47960704

Compilation events (10 events):
Event: 6,556 Thread 0x00007f9760094000 nmethod 340 0x00007f975d099d10 code [0x00007f975d099e60, 0x00007f975d09a068]
Event: 6,556 Thread 0x00007f9760094000  341             java.util.Arrays$ArrayList::size (6 bytes)
Event: 6,556 Thread 0x00007f9760094000 nmethod 341 0x00007f975d099ad0 code [0x00007f975d099c00, 0x00007f975d099c78]
Event: 6,556 Thread 0x00007f9760094000  342             groovy.lang.MetaClassImpl$1MOPIter::processFastArray (210 bytes)
Event: 6,621 Thread 0x00007f9760094000 nmethod 342 0x00007f975d235410 code [0x00007f975d235700, 0x00007f975d236fc8]
Event: 6,621 Thread 0x00007f9760094000  343             org.codehaus.groovy.reflection.GeneratedMetaMethod::getModifiers (2 bytes)
Event: 6,621 Thread 0x00007f9760094000 nmethod 343 0x00007f975d09c4d0 code [0x00007f975d09c600, 0x00007f975d09c658]
Event: 6,621 Thread 0x00007f9760094000  344             java.util.Arrays::binarySearch (10 bytes)
Event: 6,625 Thread 0x00007f9760094000 nmethod 344 0x00007f975d235150 code [0x00007f975d2352a0, 0x00007f975d235328]
Event: 6,626 Thread 0x00007f9760094000  345             groovy.lang.MetaClassImpl$1MOPIter::methodNameAction (417 bytes)

GC Heap History (9 events):
Event: 1,490 GC heap before
{Heap before GC invocations=1 (full 0):
 PSYoungGen      total 37376K, used 32256K [0x00000000eaa80000, 0x00000000ed400000, 0x0000000100000000)
  eden space 32256K, 100% used [0x00000000eaa80000,0x00000000eca00000,0x00000000eca00000)
  from space 5120K, 0% used [0x00000000ecf00000,0x00000000ecf00000,0x00000000ed400000)
  to   space 5120K, 0% used [0x00000000eca00000,0x00000000eca00000,0x00000000ecf00000)
 ParOldGen       total 83968K, used 0K [0x00000000c0000000, 0x00000000c5200000, 0x00000000eaa80000)
  object space 83968K, 0% used [0x00000000c0000000,0x00000000c0000000,0x00000000c5200000)
 PSPermGen       total 21504K, used 8677K [0x00000000b0000000, 0x00000000b1500000, 0x00000000c0000000)
  object space 21504K, 40% used [0x00000000b0000000,0x00000000b08796f8,0x00000000b1500000)
Event: 1,504 GC heap after
Heap after GC invocations=1 (full 0):
 PSYoungGen      total 37376K, used 5093K [0x00000000eaa80000, 0x00000000ed400000, 0x0000000100000000)
  eden space 32256K, 0% used [0x00000000eaa80000,0x00000000eaa80000,0x00000000eca00000)
  from space 5120K, 99% used [0x00000000eca00000,0x00000000ecef9480,0x00000000ecf00000)
  to   space 5120K, 0% used [0x00000000ecf00000,0x00000000ecf00000,0x00000000ed400000)
 ParOldGen       total 83968K, used 161K [0x00000000c0000000, 0x00000000c5200000, 0x00000000eaa80000)
  object space 83968K, 0% used [0x00000000c0000000,0x00000000c00287d8,0x00000000c5200000)
 PSPermGen       total 21504K, used 8677K [0x00000000b0000000, 0x00000000b1500000, 0x00000000c0000000)
  object space 21504K, 40% used [0x00000000b0000000,0x00000000b08796f8,0x00000000b1500000)
}
Event: 2,486 GC heap before
{Heap before GC invocations=2 (full 0):
 PSYoungGen      total 37376K, used 37349K [0x00000000eaa80000, 0x00000000ed400000, 0x0000000100000000)
  eden space 32256K, 100% used [0x00000000eaa80000,0x00000000eca00000,0x00000000eca00000)
  from space 5120K, 99% used [0x00000000eca00000,0x00000000ecef9480,0x00000000ecf00000)
  to   space 5120K, 0% used [0x00000000ecf00000,0x00000000ecf00000,0x00000000ed400000)
 ParOldGen       total 83968K, used 161K [0x00000000c0000000, 0x00000000c5200000, 0x00000000eaa80000)
  object space 83968K, 0% used [0x00000000c0000000,0x00000000c00287d8,0x00000000c5200000)
 PSPermGen       total 21504K, used 13803K [0x00000000b0000000, 0x00000000b1500000, 0x00000000c0000000)
  object space 21504K, 64% used [0x00000000b0000000,0x00000000b0d7aec0,0x00000000b1500000)
Event: 2,530 GC heap after
Heap after GC invocations=2 (full 0):
 PSYoungGen      total 37376K, used 5088K [0x00000000eaa80000, 0x00000000ef380000, 0x0000000100000000)
  eden space 32256K, 0% used [0x00000000eaa80000,0x00000000eaa80000,0x00000000eca00000)
  from space 5120K, 99% used [0x00000000ecf00000,0x00000000ed3f8220,0x00000000ed400000)
  to   space 5120K, 0% used [0x00000000eca00000,0x00000000eca00000,0x00000000ecf00000)
 ParOldGen       total 83968K, used 2576K [0x00000000c0000000, 0x00000000c5200000, 0x00000000eaa80000)
  object space 83968K, 3% used [0x00000000c0000000,0x00000000c0284170,0x00000000c5200000)
 PSPermGen       total 21504K, used 13803K [0x00000000b0000000, 0x00000000b1500000, 0x00000000c0000000)
  object space 21504K, 64% used [0x00000000b0000000,0x00000000b0d7aec0,0x00000000b1500000)
}
Event: 3,288 GC heap before
{Heap before GC invocations=3 (full 0):
 PSYoungGen      total 37376K, used 37344K [0x00000000eaa80000, 0x00000000ef380000, 0x0000000100000000)
  eden space 32256K, 100% used [0x00000000eaa80000,0x00000000eca00000,0x00000000eca00000)
  from space 5120K, 99% used [0x00000000ecf00000,0x00000000ed3f8220,0x00000000ed400000)
  to   space 5120K, 0% used [0x00000000eca00000,0x00000000eca00000,0x00000000ecf00000)
 ParOldGen       total 83968K, used 2576K [0x00000000c0000000, 0x00000000c5200000, 0x00000000eaa80000)
  object space 83968K, 3% used [0x00000000c0000000,0x00000000c0284170,0x00000000c5200000)
 PSPermGen       total 21504K, used 16439K [0x00000000b0000000, 0x00000000b1500000, 0x00000000c0000000)
  object space 21504K, 76% used [0x00000000b0000000,0x00000000b100dea8,0x00000000b1500000)
Event: 3,312 GC heap after
Heap after GC invocations=3 (full 0):
 PSYoungGen      total 37376K, used 5088K [0x00000000eaa80000, 0x00000000ef380000, 0x0000000100000000)
  eden space 32256K, 0% used [0x00000000eaa80000,0x00000000eaa80000,0x00000000eca00000)
  from space 5120K, 99% used [0x00000000eca00000,0x00000000ecef8020,0x00000000ecf00000)
  to   space 5120K, 0% used [0x00000000eee80000,0x00000000eee80000,0x00000000ef380000)
 ParOldGen       total 83968K, used 5810K [0x00000000c0000000, 0x00000000c5200000, 0x00000000eaa80000)
  object space 83968K, 6% used [0x00000000c0000000,0x00000000c05ac868,0x00000000c5200000)
 PSPermGen       total 21504K, used 16439K [0x00000000b0000000, 0x00000000b1500000, 0x00000000c0000000)
  object space 21504K, 76% used [0x00000000b0000000,0x00000000b100dea8,0x00000000b1500000)
}
Event: 4,423 GC heap before
{Heap before GC invocations=4 (full 0):
 PSYoungGen      total 37376K, used 37344K [0x00000000eaa80000, 0x00000000ef380000, 0x0000000100000000)
  eden space 32256K, 100% used [0x00000000eaa80000,0x00000000eca00000,0x00000000eca00000)
  from space 5120K, 99% used [0x00000000eca00000,0x00000000ecef8020,0x00000000ecf00000)
  to   space 5120K, 0% used [0x00000000eee80000,0x00000000eee80000,0x00000000ef380000)
 ParOldGen       total 83968K, used 5810K [0x00000000c0000000, 0x00000000c5200000, 0x00000000eaa80000)
  object space 83968K, 6% used [0x00000000c0000000,0x00000000c05ac868,0x00000000c5200000)
 PSPermGen       total 21504K, used 18961K [0x00000000b0000000, 0x00000000b1500000, 0x00000000c0000000)
  object space 21504K, 88% used [0x00000000b0000000,0x00000000b12844d8,0x00000000b1500000)
Event: 4,445 GC heap after
Heap after GC invocations=4 (full 0):
 PSYoungGen      total 69632K, used 5104K [0x00000000eaa80000, 0x00000000ef380000, 0x0000000100000000)
  eden space 64512K, 0% used [0x00000000eaa80000,0x00000000eaa80000,0x00000000ee980000)
  from space 5120K, 99% used [0x00000000eee80000,0x00000000ef37c3c0,0x00000000ef380000)
  to   space 5120K, 0% used [0x00000000ee980000,0x00000000ee980000,0x00000000eee80000)
 ParOldGen       total 83968K, used 9940K [0x00000000c0000000, 0x00000000c5200000, 0x00000000eaa80000)
  object space 83968K, 11% used [0x00000000c0000000,0x00000000c09b5328,0x00000000c5200000)
 PSPermGen       total 21504K, used 18961K [0x00000000b0000000, 0x00000000b1500000, 0x00000000c0000000)
  object space 21504K, 88% used [0x00000000b0000000,0x00000000b12844d8,0x00000000b1500000)
}
Event: 6,664 GC heap before
{Heap before GC invocations=5 (full 0):
 PSYoungGen      total 69632K, used 69616K [0x00000000eaa80000, 0x00000000ef380000, 0x0000000100000000)
  eden space 64512K, 100% used [0x00000000eaa80000,0x00000000ee980000,0x00000000ee980000)
  from space 5120K, 99% used [0x00000000eee80000,0x00000000ef37c3c0,0x00000000ef380000)
  to   space 5120K, 0% used [0x00000000ee980000,0x00000000ee980000,0x00000000eee80000)
 ParOldGen       total 83968K, used 9940K [0x00000000c0000000, 0x00000000c5200000, 0x00000000eaa80000)
  object space 83968K, 11% used [0x00000000c0000000,0x00000000c09b5328,0x00000000c5200000)
 PSPermGen       total 24064K, used 23856K [0x00000000b0000000, 0x00000000b1780000, 0x00000000c0000000)
  object space 24064K, 99% used [0x00000000b0000000,0x00000000b174c370,0x00000000b1780000)

Deoptimization events (10 events):
Event: 5,702 Thread 0x00007f9720026800 Uncommon trap: reason=array_check action=maybe_recompile pc=0x00007f975d08f53c method=java.util.AbstractCollection.toArray([Ljava/lang/Object;)[Ljava/lang/Object; @ 119
Event: 5,706 Thread 0x00007f9720026800 Uncommon trap: reason=array_check action=maybe_recompile pc=0x00007f975d08f53c method=java.util.AbstractCollection.toArray([Ljava/lang/Object;)[Ljava/lang/Object; @ 119
Event: 5,708 Thread 0x00007f9720026800 Uncommon trap: reason=array_check action=maybe_recompile pc=0x00007f975d08f53c method=java.util.AbstractCollection.toArray([Ljava/lang/Object;)[Ljava/lang/Object; @ 119
Event: 6,187 Thread 0x00007f9720026800 Uncommon trap: reason=class_check action=maybe_recompile pc=0x00007f975d1f8ff4 method=java.io.DataOutputStream.write(I)V @ 5
Event: 6,188 Thread 0x00007f9720026800 Uncommon trap: reason=class_check action=maybe_recompile pc=0x00007f975d1f8ff4 method=java.io.DataOutputStream.write(I)V @ 5
Event: 6,189 Thread 0x00007f9720026800 Uncommon trap: reason=class_check action=maybe_recompile pc=0x00007f975d1f8ff4 method=java.io.DataOutputStream.write(I)V @ 5
Event: 6,190 Thread 0x00007f9720026800 Uncommon trap: reason=class_check action=maybe_recompile pc=0x00007f975d1f8ff4 method=java.io.DataOutputStream.write(I)V @ 5
Event: 6,331 Thread 0x00007f9720026800 Uncommon trap: reason=unreached action=reinterpret pc=0x00007f975d214ffc method=sun.misc.URLClassPath.getLoader(I)Lsun/misc/URLClassPath$Loader; @ 101
Event: 6,373 Thread 0x00007f9720026800 Uncommon trap: reason=predicate action=maybe_recompile pc=0x00007f975d1e5068 method=java.util.ComparableTimSort.binarySort([Ljava/lang/Object;III)V @ 37
Event: 6,505 Thread 0x00007f9720026800 Uncommon trap: reason=unreached action=reinterpret pc=0x00007f975d2228a0 method=java.beans.Introspector.getTargetMethodInfo()[Ljava/beans/MethodDescriptor; @ 47

Internal exceptions (10 events):
Event: 6,658 Thread 0x00007f9720026800 Threw 0x00000000ee953718 at /HUDSON/workspace/7u-2-build-linux-amd64/jdk7u55/869/hotspot/src/share/vm/prims/jvm.cpp:1244
Event: 6,660 Thread 0x00007f9720026800 Threw 0x00000000ee959b60 at /HUDSON/workspace/7u-2-build-linux-amd64/jdk7u55/869/hotspot/src/share/vm/prims/jvm.cpp:1244
Event: 6,661 Thread 0x00007f9720026800 Threw 0x00000000ee961e00 at /HUDSON/workspace/7u-2-build-linux-amd64/jdk7u55/869/hotspot/src/share/vm/prims/jvm.cpp:1244
Event: 6,661 Thread 0x00007f9720026800 Threw 0x00000000ee962c60 at /HUDSON/workspace/7u-2-build-linux-amd64/jdk7u55/869/hotspot/src/share/vm/prims/jvm.cpp:1244
Event: 6,661 Thread 0x00007f9720026800 Threw 0x00000000ee967d80 at /HUDSON/workspace/7u-2-build-linux-amd64/jdk7u55/869/hotspot/src/share/vm/prims/jvm.cpp:1244
Event: 6,661 Thread 0x00007f9720026800 Threw 0x00000000ee968cb0 at /HUDSON/workspace/7u-2-build-linux-amd64/jdk7u55/869/hotspot/src/share/vm/prims/jvm.cpp:1244
Event: 6,661 Thread 0x00007f9720026800 Threw 0x00000000ee969b10 at /HUDSON/workspace/7u-2-build-linux-amd64/jdk7u55/869/hotspot/src/share/vm/prims/jvm.cpp:1244
Event: 6,661 Thread 0x00007f9720026800 Threw 0x00000000ee96ec30 at /HUDSON/workspace/7u-2-build-linux-amd64/jdk7u55/869/hotspot/src/share/vm/prims/jvm.cpp:1244
Event: 6,662 Thread 0x00007f9720026800 Threw 0x00000000ee9732a0 at /HUDSON/workspace/7u-2-build-linux-amd64/jdk7u55/869/hotspot/src/share/vm/prims/jvm.cpp:1244
Event: 6,662 Thread 0x00007f9720026800 Threw 0x00000000ee97a910 at /HUDSON/workspace/7u-2-build-linux-amd64/jdk7u55/869/hotspot/src/share/vm/prims/jvm.cpp:1244

Events (10 events):
Event: 6,653 loading class 0x00007f97246b8fa0 done
Event: 6,654 loading class 0x00007f97246b4840
Event: 6,654 loading class 0x00007f97246b4840 done
Event: 6,658 loading class 0x00007f9724031990
Event: 6,658 loading class 0x00007f9724031990 done
Event: 6,661 loading class 0x00007f97246ba220
Event: 6,661 loading class 0x00007f97246ba220 done
Event: 6,661 loading class 0x00007f97246ba220
Event: 6,661 loading class 0x00007f97246ba220 done
Event: 6,663 Executing VM operation: ParallelGCFailedAllocation


Dynamic libraries:
00400000-00401000 r-xp 00000000 08:03 2015538                            /usr/lib/jvm/java-7-oracle/bin/java
00600000-00601000 rw-p 00000000 08:03 2015538                            /usr/lib/jvm/java-7-oracle/bin/java
00cb5000-00cd6000 rw-p 00000000 00:00 0                                  [heap]
b0000000-b1500000 rw-p 00000000 00:00 0 
b1500000-b1580000 rw-p 00000000 00:00 0 
b1580000-b1600000 rw-p 00000000 00:00 0 
b1600000-b1680000 rw-p 00000000 00:00 0 
b1680000-b1700000 rw-p 00000000 00:00 0 
b1700000-b1780000 rw-p 00000000 00:00 0 
b1780000-c0000000 rw-p 00000000 00:00 0 
c0000000-c5200000 rw-p 00000000 00:00 0 
c5200000-eaa80000 rw-p 00000000 00:00 0 
eaa80000-ed400000 rw-p 00000000 00:00 0 
ed400000-ef380000 rw-p 00000000 00:00 0 
f4280000-100000000 rw-p 00000000 00:00 0 
7f9710000000-7f9710021000 rw-p 00000000 00:00 0 
7f9710021000-7f9714000000 ---p 00000000 00:00 0 
7f9714000000-7f9714021000 rw-p 00000000 00:00 0 
7f9714021000-7f9718000000 ---p 00000000 00:00 0 
7f9718000000-7f9718021000 rw-p 00000000 00:00 0 
7f9718021000-7f971c000000 ---p 00000000 00:00 0 
7f971c000000-7f971c021000 rw-p 00000000 00:00 0 
7f971c021000-7f9720000000 ---p 00000000 00:00 0 
7f9720000000-7f972002b000 rw-p 00000000 00:00 0 
7f972002b000-7f9724000000 ---p 00000000 00:00 0 
7f9724000000-7f9724e94000 rw-p 00000000 00:00 0 
7f9724e94000-7f9728000000 ---p 00000000 00:00 0 
7f9728000000-7f9728021000 rw-p 00000000 00:00 0 
7f9728021000-7f972c000000 ---p 00000000 00:00 0 
7f972c000000-7f972c021000 rw-p 00000000 00:00 0 
7f972c021000-7f9730000000 ---p 00000000 00:00 0 
7f9730000000-7f9730b07000 rw-p 00000000 00:00 0 
7f9730b07000-7f9734000000 ---p 00000000 00:00 0 
7f9734000000-7f9734c3b000 rw-p 00000000 00:00 0 
7f9734c3b000-7f9738000000 ---p 00000000 00:00 0 
7f9738000000-7f9738021000 rw-p 00000000 00:00 0 
7f9738021000-7f973c000000 ---p 00000000 00:00 0 
7f973c000000-7f973c021000 rw-p 00000000 00:00 0 
7f973c021000-7f9740000000 ---p 00000000 00:00 0 
7f9740000000-7f974024a000 rw-p 00000000 00:00 0 
7f974024a000-7f9744000000 ---p 00000000 00:00 0 
7f9744000000-7f9744021000 rw-p 00000000 00:00 0 
7f9744021000-7f9748000000 ---p 00000000 00:00 0 
7f9748000000-7f9748021000 rw-p 00000000 00:00 0 
7f9748021000-7f974c000000 ---p 00000000 00:00 0 
7f974c000000-7f974c021000 rw-p 00000000 00:00 0 
7f974c021000-7f9750000000 ---p 00000000 00:00 0 
7f9750000000-7f9750021000 rw-p 00000000 00:00 0 
7f9750021000-7f9754000000 ---p 00000000 00:00 0 
7f9754298000-7f9754299000 rw-p 00000000 00:00 0 
7f9754299000-7f975429b000 r--s 00004000 08:03 6791251                    /home/startic/.gradle/caches/modules-2/files-2.1/org.ow2.asm/asm-tree/4.0/67bd266cd17adcee486b76952ece4cc85fe248b8/asm-tree-4.0.jar
7f975429b000-7f97542a4000 r--s 000a7000 08:03 6791297                    /home/startic/.gradle/caches/modules-2/files-2.1/com.android.tools.external.lombok/lombok-ast/0.2.2/57e560b535ceaa14fb6f15422d74594acd6c5b64/lombok-ast-0.2.2.jar
7f97542a4000-7f97542a6000 r--s 0000a000 08:03 6791249                    /home/startic/.gradle/caches/modules-2/files-2.1/org.ow2.asm/asm/4.0/659add6efc75a4715d738e73f07505246edf4d66/asm-4.0.jar
7f97542a6000-7f97542a8000 r--s 0000d000 08:03 6791255                    /home/startic/.gradle/caches/modules-2/files-2.1/commons-codec/commons-codec/1.4/4216af16d38465bbab0f3dff8efa14204f7a399a/commons-codec-1.4.jar
7f97542a8000-7f97542aa000 r--s 0000d000 08:03 6791254                    /home/startic/.gradle/caches/modules-2/files-2.1/commons-logging/commons-logging/1.1.1/5043bfebc3db072ed80fbd362e7caf00e885d8ae/commons-logging-1.1.1.jar
7f97542aa000-7f97542af000 r--s 00028000 08:03 6791253                    /home/startic/.gradle/caches/modules-2/files-2.1/org.apache.httpcomponents/httpcore/4.1/33fc26c02f8043ab0ede19eadc8c9885386b255c/httpcore-4.1.jar
7f97542af000-7f97542b0000 r--s 00004000 08:03 6791240                    /home/startic/.gradle/caches/modules-2/files-2.1/org.ow2.asm/asm-analysis/4.0/1c45d52b6f6c638db13cf3ac12adeb56b254cdd7/asm-analysis-4.0.jar
7f97542b0000-7f97542b2000 r--s 00025000 08:03 6349066                    /home/startic/.gradle/caches/modules-2/files-2.1/com.android.tools.lint/lint-api/22.7.2/78c89a1700a23acb694f3d32f3e4644b039d8de6/lint-api-22.7.2.jar
7f97542b2000-7f97542e5000 r--s 00203000 08:03 6791248                    /home/startic/.gradle/caches/modules-2/files-2.1/org.bouncycastle/bcprov-jdk15on/1.48/960dea7c9181ba0b17e8bab0c06a43f0a5f04e65/bcprov-jdk15on-1.48.jar
7f97542e5000-7f975430f000 r--s 001e9000 08:03 6791296                    /home/startic/.gradle/caches/modules-2/files-2.1/com.google.guava/guava/15.0/ed727a8d9f247e2050281cb083f1c77b09dcb5cd/guava-15.0.jar
7f975430f000-7f9754313000 r--s 00020000 08:03 6791246                    /home/startic/.gradle/caches/modules-2/files-2.1/org.apache.commons/commons-compress/1.0/995ae384a0b1e2c66269e6bc5198db8561fb45a2/commons-compress-1.0.jar
7f9754313000-7f9754314000 r--s 00003000 08:03 6349065                    /home/startic/.gradle/caches/modules-2/files-2.1/com.android.tools/dvlib/22.7.2/a530af84f9c948f72c4fe68b79865f511242f106/dvlib-22.7.2.jar
7f9754314000-7f9754316000 r--s 00005000 08:03 6791245                    /home/startic/.gradle/caches/modules-2/files-2.1/org.apache.httpcomponents/httpmime/4.1/9ba2dcdf94ce35c8a8e9bff242db0618ca932e92/httpmime-4.1.jar
7f9754316000-7f975431e000 r--s 0004e000 08:03 6791244                    /home/startic/.gradle/caches/modules-2/files-2.1/org.apache.httpcomponents/httpclient/4.1.1/3d1d918f32709e33ba7ddb2c4e8d1c543ebe713e/httpclient-4.1.1.jar
7f975431e000-7f9754321000 r--s 0000f000 08:03 6349064                    /home/startic/.gradle/caches/modules-2/files-2.1/com.android.tools.layoutlib/layoutlib-api/22.7.2/87f73d2a6733c3caa0f3a91f6c9351603c744f17/layoutlib-api-22.7.2.jar
7f9754321000-7f9754322000 r--s 0000a000 08:03 6791247                    /home/startic/.gradle/caches/modules-2/files-2.1/net.sf.kxml/kxml2/2.3.0/ccbc77a5fd907ef863c29f3596c6f54ffa4e9442/kxml2-2.3.0.jar
7f9754322000-7f9754331000 r--s 000bd000 08:03 6791292                    /home/startic/.gradle/caches/modules-2/files-2.1/net.sf.proguard/proguard-base/4.10/46e891272ae0338af3f5de5e14d8d2641edefc2c/proguard-base-4.10.jar
7f9754331000-7f9754340000 r--s 001a9000 08:03 6791283                    /home/startic/.gradle/caches/modules-2/files-2.1/org.eclipse.jdt.core.compiler/ecj/4.2.2/d9fd79499c664bccaf24dbe04be417de6c6af64a/ecj-4.2.2.jar
7f9754340000-7f9754344000 r--s 00078000 08:03 6349063                    /home/startic/.gradle/caches/modules-2/files-2.1/com.android.tools.lint/lint-checks/22.7.2/772c8857d60a09c270c5cac82370e2371bc40ffe/lint-checks-22.7.2.jar
7f9754344000-7f9754352000 r--s 00081000 08:03 6791236                    /home/startic/.gradle/caches/modules-2/files-2.1/org.bouncycastle/bcpkix-jdk15on/1.48/28b7614b908a47844bb27e3c94b45b6893656265/bcpkix-jdk15on-1.48.jar
7f9754352000-7f9754354000 r--s 00011000 08:03 6349062                    /home/startic/.gradle/caches/modules-2/files-2.1/com.android.tools/common/22.7.2/b5b41bb3cfad59132f84068e6857c152d90cb0d5/common-22.7.2.jar
7f9754354000-7f9754355000 r--s 00000000 08:03 6349061                    /home/startic/.gradle/caches/modules-2/files-2.1/com.android.tools.build/builder-test-api/0.9.2/33769dabb66560282d2cc9f4a64f8dd24a489e89/builder-test-api-0.9.2.jar
7f9754355000-7f9754356000 r--s 00002000 08:03 6791286                    /home/startic/.gradle/caches/modules-2/files-2.1/com.squareup/javawriter/2.2.1/d6dac1da0b24ab9ea9a6b5d49c2586d85f17e597/javawriter-2.2.1.jar
7f9754356000-7f9754360000 r--s 0009d000 08:03 6349060                    /home/startic/.gradle/caches/modules-2/files-2.1/com.android.tools/sdklib/22.7.2/ed1a91f6d6743bad6b9bc45e51cd2ab7a71401/sdklib-22.7.2.jar
7f9754360000-7f9754364000 r--s 0003d000 08:03 6349059                    /home/startic/.gradle/caches/modules-2/files-2.1/com.android.tools.ddms/ddmlib/22.7.2/3094c5a6d36ff7d0595a3489fca90b935219d414/ddmlib-22.7.2.jar
7f9754364000-7f9754365000 r--s 00009000 08:03 6349058                    /home/startic/.gradle/caches/modules-2/files-2.1/com.android.tools.build/manifest-merger/22.7.2/ce1639afae82278d1b21eadc5d26243b73a14598/manifest-merger-22.7.2.jar
7f9754365000-7f975436a000 r--s 00040000 08:03 6349057                    /home/startic/.gradle/caches/modules-2/files-2.1/com.android.tools/sdk-common/22.7.2/a445ae3c862d34796e6ed357d3d7b2e2b1f6416f/sdk-common-22.7.2.jar
7f975436a000-7f975436b000 r--s 00002000 08:03 6349054                    /home/startic/.gradle/caches/modules-2/files-2.1/com.android.tools.build/builder-model/0.9.2/43bc5a42968a1e5076abc75445dcf06f9c7b1c7a/builder-model-0.9.2.jar
7f975436b000-7f975436c000 r--s 00002000 08:03 6791281                    /home/startic/.gradle/caches/modules-2/files-2.1/net.sf.proguard/proguard-gradle/4.10/edad1b6af1c08c54a58fb39da9fa48e03bc6678d/proguard-gradle-4.10.jar
7f975436c000-7f975436e000 r--s 00012000 08:03 6349053                    /home/startic/.gradle/caches/modules-2/files-2.1/com.android.tools.lint/lint/22.7.2/698562b3dc41a727284f726ec49695ef5c89ec40/lint-22.7.2.jar
7f975436e000-7f9754371000 ---p 00000000 00:00 0 
7f9754371000-7f975446f000 rw-p 00000000 00:00 0                          [stack:13665]
7f975446f000-7f9754472000 ---p 00000000 00:00 0 
7f9754472000-7f97544a8000 rw-p 00000000 00:00 0                          [stack:13664]
7f97544a8000-7f9754513000 r--s 00e1f000 08:03 2476980                    /usr/lib/jvm/java-7-oracle/lib/tools.jar
7f9754513000-7f9754528000 r-xp 00000000 08:03 6791170                    /tmp/jna6388012100569209679.tmp
7f9754528000-7f9754627000 ---p 00015000 08:03 6791170                    /tmp/jna6388012100569209679.tmp
7f9754627000-7f9754629000 rw-p 00014000 08:03 6791170                    /tmp/jna6388012100569209679.tmp
7f9754629000-7f975462c000 ---p 00000000 00:00 0 
7f975462c000-7f975472a000 rw-p 00000000 00:00 0                          [stack:13653]
7f975472a000-7f975472d000 ---p 00000000 00:00 0 
7f975472d000-7f975482b000 rw-p 00000000 00:00 0                          [stack:13650]
7f975482b000-7f975482e000 ---p 00000000 00:00 0 
7f975482e000-7f975492c000 rw-p 00000000 00:00 0                          [stack:13649]
7f975492c000-7f975492f000 ---p 00000000 00:00 0 
7f975492f000-7f9754a2d000 rw-p 00000000 00:00 0                          [stack:13648]
7f9754a2d000-7f9754a42000 r-xp 00000000 08:03 6644609                    /lib/x86_64-linux-gnu/libgcc_s.so.1
7f9754a42000-7f9754c41000 ---p 00015000 08:03 6644609                    /lib/x86_64-linux-gnu/libgcc_s.so.1
7f9754c41000-7f9754c42000 r--p 00014000 08:03 6644609                    /lib/x86_64-linux-gnu/libgcc_s.so.1
7f9754c42000-7f9754c43000 rw-p 00015000 08:03 6644609                    /lib/x86_64-linux-gnu/libgcc_s.so.1
7f9754c43000-7f9754d25000 r-xp 00000000 08:03 6627936                    /usr/lib/x86_64-linux-gnu/libstdc++.so.6.0.16
7f9754d25000-7f9754f24000 ---p 000e2000 08:03 6627936                    /usr/lib/x86_64-linux-gnu/libstdc++.so.6.0.16
7f9754f24000-7f9754f2c000 r--p 000e1000 08:03 6627936                    /usr/lib/x86_64-linux-gnu/libstdc++.so.6.0.16
7f9754f2c000-7f9754f2e000 rw-p 000e9000 08:03 6627936                    /usr/lib/x86_64-linux-gnu/libstdc++.so.6.0.16
7f9754f2e000-7f9754f43000 rw-p 00000000 00:00 0 
7f9754f43000-7f9754f47000 r--s 00025000 08:03 6349052                    /home/startic/.gradle/caches/modules-2/files-2.1/com.android.tools.build/builder/0.9.2/3bb1c716cdfbd42981ab035870b782440ce5f871/builder-0.9.2.jar
7f9754f47000-7f9754f52000 r--s 000d4000 08:03 6349051                    /home/startic/.gradle/caches/modules-2/files-2.1/com.android.tools.build/gradle/0.9.2/8fd16e4a0954825b3d4336a18fa95091fb93d1ff/gradle-0.9.2.jar
7f9754f52000-7f9754f5b000 r--s 00251000 08:03 2016750                    /usr/lib/jvm/java-7-oracle/jre/lib/resources.jar
7f9754f5b000-7f9754f5c000 r--p 00000000 00:00 0 
7f9754f5c000-7f9754f60000 r-xp 00000000 08:03 705553                     /tmp/native-platform234226563893245190dir/libnative-platform-linux-amd64.so
7f9754f60000-7f975515f000 ---p 00004000 08:03 705553                     /tmp/native-platform234226563893245190dir/libnative-platform-linux-amd64.so
7f975515f000-7f9755160000 rw-p 00003000 08:03 705553                     /tmp/native-platform234226563893245190dir/libnative-platform-linux-amd64.so
7f9755160000-7f9755164000 r--s 0008a000 08:03 2016774                    /usr/lib/jvm/java-7-oracle/jre/lib/jsse.jar
7f9755164000-7f9755166000 r--s 00002000 08:03 409719                     /home/startic/.gradle/wrapper/dists/gradle-1.10-all/6vpvhqu0efs1fqmqr2decq1v12/gradle-1.10/lib/plugins/gradle-language-base-1.10.jar
7f9755166000-7f9755167000 r--s 00004000 08:03 409718                     /home/startic/.gradle/wrapper/dists/gradle-1.10-all/6vpvhqu0efs1fqmqr2decq1v12/gradle-1.10/lib/plugins/gradle-language-jvm-1.10.jar
7f9755167000-7f975516c000 r--s 00029000 08:03 409717                     /home/startic/.gradle/wrapper/dists/gradle-1.10-all/6vpvhqu0efs1fqmqr2decq1v12/gradle-1.10/lib/plugins/gradle-build-init-1.10.jar
7f975516c000-7f975516f000 r--s 0001f000 08:03 409716                     /home/startic/.gradle/wrapper/dists/gradle-1.10-all/6vpvhqu0efs1fqmqr2decq1v12/gradle-1.10/lib/plugins/gradle-jacoco-1.10.jar
7f975516f000-7f9755172000 r--s 0000c000 08:03 409715                     /home/startic/.gradle/wrapper/dists/gradle-1.10-all/6vpvhqu0efs1fqmqr2decq1v12/gradle-1.10/lib/plugins/gradle-ivy-1.10.jar
7f9755172000-7f9755173000 r--s 00002000 08:03 409714                     /home/startic/.gradle/wrapper/dists/gradle-1.10-all/6vpvhqu0efs1fqmqr2decq1v12/gradle-1.10/lib/plugins/gradle-publish-1.10.jar
7f9755173000-7f9755175000 r--s 00005000 08:03 409744                     /home/startic/.gradle/wrapper/dists/gradle-1.10-all/6vpvhqu0efs1fqmqr2decq1v12/gradle-1.10/lib/plugins/jatl-0.2.2.jar
7f9755175000-7f9755177000 r--s 00007000 08:03 409713                     /home/startic/.gradle/wrapper/dists/gradle-1.10-all/6vpvhqu0efs1fqmqr2decq1v12/gradle-1.10/lib/plugins/gradle-reporting-1.10.jar
7f9755177000-7f975517c000 r--s 0003c000 08:03 409712                     /home/startic/.gradle/wrapper/dists/gradle-1.10-all/6vpvhqu0efs1fqmqr2decq1v12/gradle-1.10/lib/plugins/gradle-diagnostics-1.10.jar
7f975517c000-7f9755183000 r--s 00094000 08:03 409711                     /home/startic/.gradle/wrapper/dists/gradle-1.10-all/6vpvhqu0efs1fqmqr2decq1v12/gradle-1.10/lib/plugins/gradle-build-comparison-1.10.jar
7f9755183000-7f975518a000 r--s 00035000 08:03 409743                     /home/startic/.gradle/wrapper/dists/gradle-1.10-all/6vpvhqu0efs1fqmqr2decq1v12/gradle-1.10/lib/plugins/simple-4.1.21.jar
7f975518a000-7f975518f000 r--s 0002a000 08:03 409742                     /home/startic/.gradle/wrapper/dists/gradle-1.10-all/6vpvhqu0efs1fqmqr2decq1v12/gradle-1.10/lib/plugins/gson-2.2.1.jar
7f975518f000-7f975519b000 r--s 00100000 08:03 409741                     /home/startic/.gradle/wrapper/dists/gradle-1.10-all/6vpvhqu0efs1fqmqr2decq1v12/gradle-1.10/lib/plugins/rhino-1.7R3.jar
7f975519b000-7f97551a0000 r--s 00021000 08:03 409710                     /home/startic/.gradle/wrapper/dists/gradle-1.10-all/6vpvhqu0efs1fqmqr2decq1v12/gradle-1.10/lib/plugins/gradle-javascript-1.10.jar
7f97551a0000-7f97551a2000 r--s 0000f000 08:03 409709                     /home/startic/.gradle/wrapper/dists/gradle-1.10-all/6vpvhqu0efs1fqmqr2decq1v12/gradle-1.10/lib/plugins/gradle-ear-1.10.jar
7f97551a2000-7f97551b2000 r--s 000a3000 08:03 409708                     /home/startic/.gradle/wrapper/dists/gradle-1.10-all/6vpvhqu0efs1fqmqr2decq1v12/gradle-1.10/lib/plugins/gradle-cpp-1.10.jar
7f97551b2000-7f97551da000 r--s 00194000 08:03 409754                     /home/startic/.gradle/wrapper/dists/gradle-1.10-all/6vpvhqu0efs1fqmqr2decq1v12/gradle-1.10/lib/plugins/bcprov-jdk15-1.46.jar
7f97551da000-7f97551de000 r--s 00025000 08:03 409740                     /home/startic/.gradle/wrapper/dists/gradle-1.10-all/6vpvhqu0efs1fqmqr2decq1v12/gradle-1.10/lib/plugins/bcpg-jdk15-1.46.jar
7f97551de000-7f97551e1000 r--s 00021000 08:03 409707                     /home/startic/.gradle/wrapper/dists/gradle-1.10-all/6vpvhqu0efs1fqmqr2decq1v12/gradle-1.10/lib/plugins/gradle-signing-1.10.jar
7f97551e1000-7f97551e2000 r--s 00002000 08:03 409739                     /home/startic/.gradle/wrapper/dists/gradle-1.10-all/6vpvhqu0efs1fqmqr2decq1v12/gradle-1.10/lib/plugins/sonar-batch-bootstrapper-2.9.jar
7f97551e2000-7f97551e3000 r--s 00007000 08:03 409738                     /home/startic/.gradle/wrapper/dists/gradle-1.10-all/6vpvhqu0efs1fqmqr2decq1v12/gradle-1.10/lib/plugins/sonar-runner-2.0.jar
7f97551e3000-7f97551e6000 r--s 00022000 08:03 409706                     /home/startic/.gradle/wrapper/dists/gradle-1.10-all/6vpvhqu0efs1fqmqr2decq1v12/gradle-1.10/lib/plugins/gradle-sonar-1.10.jar
7f97551e6000-7f97551e9000 r--s 0001c000 08:03 409705                     /home/startic/.gradle/wrapper/dists/gradle-1.10-all/6vpvhqu0efs1fqmqr2decq1v12/gradle-1.10/lib/plugins/gradle-scala-1.10.jar
7f97551e9000-7f97551eb000 r--s 0000f000 08:03 409704                     /home/startic/.gradle/wrapper/dists/gradle-1.10-all/6vpvhqu0efs1fqmqr2decq1v12/gradle-1.10/lib/plugins/gradle-announce-1.10.jar
7f97551eb000-7f97551f9000 r--s 000d9000 08:03 409703                     /home/startic/.gradle/wrapper/dists/gradle-1.10-all/6vpvhqu0efs1fqmqr2decq1v12/gradle-1.10/lib/plugins/gradle-ide-1.10.jar
7f97551f9000-7f97551fb000 r--s 00000000 08:03 409737                     /home/startic/.gradle/wrapper/dists/gradle-1.10-all/6vpvhqu0efs1fqmqr2decq1v12/gradle-1.10/lib/plugins/plexus-component-annotations-1.5.2.jar
7f97551fb000-7f97551fe000 r--s 0000c000 08:03 409736                     /home/startic/.gradle/wrapper/dists/gradle-1.10-all/6vpvhqu0efs1fqmqr2decq1v12/gradle-1.10/lib/plugins/pmaven-groovy-0.8-20100325.jar
7f97551fe000-7f97551ff000 r--s 00004000 08:03 409735                     /home/startic/.gradle/wrapper/dists/gradle-1.10-all/6vpvhqu0efs1fqmqr2decq1v12/gradle-1.10/lib/plugins/pmaven-common-0.8-20100325.jar
7f97551ff000-7f9755204000 r--s 0001c000 08:03 409702                     /home/startic/.gradle/wrapper/dists/gradle-1.10-all/6vpvhqu0efs1fqmqr2decq1v12/gradle-1.10/lib/plugins/gradle-maven-1.10.jar
7f9755204000-7f975521c000 r--s 0013b000 08:03 409733                     /home/startic/.gradle/wrapper/dists/gradle-1.10-all/6vpvhqu0efs1fqmqr2decq1v12/gradle-1.10/lib/plugins/bndlib-2.1.0.jar
7f975521c000-7f975521d000 r--s 00005000 08:03 409701                     /home/startic/.gradle/wrapper/dists/gradle-1.10-all/6vpvhqu0efs1fqmqr2decq1v12/gradle-1.10/lib/plugins/gradle-osgi-1.10.jar
7f975521d000-7f9755222000 r--s 00068000 08:03 409732                     /home/startic/.gradle/wrapper/dists/gradle-1.10-all/6vpvhqu0efs1fqmqr2decq1v12/gradle-1.10/lib/plugins/antlr-2.7.7.jar
7f9755222000-7f9755223000 r--s 00002000 08:03 409731                     /home/startic/.gradle/wrapper/dists/gradle-1.10-all/6vpvhqu0efs1fqmqr2decq1v12/gradle-1.10/lib/plugins/ant-antlr-1.9.2.jar
7f9755223000-7f9755225000 r--s 00004000 08:03 409700                     /home/startic/.gradle/wrapper/dists/gradle-1.10-all/6vpvhqu0efs1fqmqr2decq1v12/gradle-1.10/lib/plugins/gradle-antlr-1.10.jar
7f9755225000-7f9755228000 r--s 0001e000 08:03 409753                     /home/startic/.gradle/wrapper/dists/gradle-1.10-all/6vpvhqu0efs1fqmqr2decq1v12/gradle-1.10/lib/plugins/jsp-api-2.1-6.1.14.jar
7f9755228000-7f975524b000 r--s 00344000 08:03 409752                     /home/startic/.gradle/wrapper/dists/gradle-1.10-all/6vpvhqu0efs1fqmqr2decq1v12/gradle-1.10/lib/plugins/core-3.1.1.jar
7f975524b000-7f975524c000 r--s 00006000 08:03 409751                     /home/startic/.gradle/wrapper/dists/gradle-1.10-all/6vpvhqu0efs1fqmqr2decq1v12/gradle-1.10/lib/plugins/jetty-naming-6.1.25.jar
7f975524c000-7f975524d000 r--s 00002000 08:03 409730                     /home/startic/.gradle/wrapper/dists/gradle-1.10-all/6vpvhqu0efs1fqmqr2decq1v12/gradle-1.10/lib/plugins/geronimo-annotation_1.0_spec-1.0.jar
7f975524d000-7f975524f000 r--s 00002000 08:03 409729                     /home/startic/.gradle/wrapper/dists/gradle-1.10-all/6vpvhqu0efs1fqmqr2decq1v12/gradle-1.10/lib/plugins/jetty-annotations-6.1.25.jar
7f975524f000-7f9755260000 r--s 000ea000 08:03 409728                     /home/startic/.gradle/wrapper/dists/gradle-1.10-all/6vpvhqu0efs1fqmqr2decq1v12/gradle-1.10/lib/plugins/jsp-2.1-6.1.14.jar
7f9755260000-7f9755262000 r--s 0000d000 08:03 409727                     /home/startic/.gradle/wrapper/dists/gradle-1.10-all/6vpvhqu0efs1fqmqr2decq1v12/gradle-1.10/lib/plugins/jetty-plus-6.1.25.jar
7f9755262000-7f9755264000 r--s 0001f000 08:03 409726                     /home/startic/.gradle/wrapper/dists/gradle-1.10-all/6vpvhqu0efs1fqmqr2decq1v12/gradle-1.10/lib/plugins/servlet-api-2.5-20081211.jar
7f9755264000-7f9755268000 r--s 00028000 08:03 409725                     /home/startic/.gradle/wrapper/dists/gradle-1.10-all/6vpvhqu0efs1fqmqr2decq1v12/gradle-1.10/lib/plugins/jetty-util-6.1.25.jar
7f9755268000-7f975526f000 r--s 0007d000 08:03 409724                     /home/startic/.gradle/wrapper/dists/gradle-1.10-all/6vpvhqu0efs1fqmqr2decq1v12/gradle-1.10/lib/plugins/jetty-6.1.25.jar
7f975526f000-7f9755271000 r--s 00009000 08:03 409699                     /home/startic/.gradle/wrapper/dists/gradle-1.10-all/6vpvhqu0efs1fqmqr2decq1v12/gradle-1.10/lib/plugins/gradle-jetty-1.10.jar
7f9755271000-7f9755277000 r--s 0004c000 08:03 409698                     /home/startic/.gradle/wrapper/dists/gradle-1.10-all/6vpvhqu0efs1fqmqr2decq1v12/gradle-1.10/lib/plugins/gradle-code-quality-1.10.jar
7f9755277000-7f9755279000 r--s 00009000 08:03 409760                     /home/startic/.gradle/wrapper/dists/gradle-1.10-all/6vpvhqu0efs1fqmqr2decq1v12/gradle-1.10/lib/plugins/hamcrest-core-1.3.jar
7f9755279000-7f975527f000 r--s 00033000 08:03 409750                     /home/startic/.gradle/wrapper/dists/gradle-1.10-all/6vpvhqu0efs1fqmqr2decq1v12/gradle-1.10/lib/plugins/snakeyaml-1.6.jar
7f975527f000-7f9755281000 r--s 00006000 08:03 409749                     /home/startic/.gradle/wrapper/dists/gradle-1.10-all/6vpvhqu0efs1fqmqr2decq1v12/gradle-1.10/lib/plugins/jcommander-1.12.jar
7f9755281000-7f9755286000 r--s 00040000 08:03 409748                     /home/startic/.gradle/wrapper/dists/gradle-1.10-all/6vpvhqu0efs1fqmqr2decq1v12/gradle-1.10/lib/plugins/bsh-2.0b4.jar
7f9755286000-7f9755288000 r--s 00009000 08:03 409723                     /home/startic/.gradle/wrapper/dists/gradle-1.10-all/6vpvhqu0efs1fqmqr2decq1v12/gradle-1.10/lib/plugins/commons-cli-1.2.jar
7f9755288000-7f9755291000 r--s 00089000 08:03 409722                     /home/startic/.gradle/wrapper/dists/gradle-1.10-all/6vpvhqu0efs1fqmqr2decq1v12/gradle-1.10/lib/plugins/testng-6.3.1.jar
7f9755291000-7f9755297000 r--s 00036000 08:03 409721                     /home/startic/.gradle/wrapper/dists/gradle-1.10-all/6vpvhqu0efs1fqmqr2decq1v12/gradle-1.10/lib/plugins/junit-4.11.jar
7f9755297000-7f97552a7000 r--s 000a6000 08:03 409697                     /home/startic/.gradle/wrapper/dists/gradle-1.10-all/6vpvhqu0efs1fqmqr2decq1v12/gradle-1.10/lib/plugins/gradle-plugins-1.10.jar
7f97552a7000-7f97552bf000 r--s 00115000 08:03 409758                     /home/startic/.gradle/wrapper/dists/gradle-1.10-all/6vpvhqu0efs1fqmqr2decq1v12/gradle-1.10/lib/plugins/xercesImpl-2.9.1.jar
7f97552bf000-7f97552c7000 r--s 00028000 08:03 409759                     /home/startic/.gradle/wrapper/dists/gradle-1.10-all/6vpvhqu0efs1fqmqr2decq1v12/gradle-1.10/lib/plugins/xml-apis-1.3.04.jar
7f97552c7000-7f97552cd000 r--s 0005b000 08:03 409757                     /home/startic/.gradle/wrapper/dists/gradle-1.10-all/6vpvhqu0efs1fqmqr2decq1v12/gradle-1.10/lib/plugins/jcifs-1.3.17.jar
7f97552cd000-7f97552d3000 r--s 00031000 08:03 409756                     /home/startic/.gradle/wrapper/dists/gradle-1.10-all/6vpvhqu0efs1fqmqr2decq1v12/gradle-1.10/lib/plugins/httpcore-4.2.2.jar
7f97552d3000-7f97552d9000 r--s 00033000 08:03 409755                     /home/startic/.gradle/wrapper/dists/gradle-1.10-all/6vpvhqu0efs1fqmqr2decq1v12/gradle-1.10/lib/plugins/commons-codec-1.6.jar
7f97552d9000-7f97552dd000 r--s 0001d000 08:03 409747                     /home/startic/.gradle/wrapper/dists/gradle-1.10-all/6vpvhqu0efs1fqmqr2decq1v12/gradle-1.10/lib/plugins/xbean-reflect-3.4.jar
7f97552dd000-7f97552e0000 r--s 0001c000 08:03 409746                     /home/startic/.gradle/wrapper/dists/gradle-1.10-all/6vpvhqu0efs1fqmqr2decq1v12/gradle-1.10/lib/plugins/nekohtml-1.9.14.jar
7f97552e0000-7f97552f9000 r--s 00129000 08:03 409734                     /home/startic/.gradle/wrapper/dists/gradle-1.10-all/6vpvhqu0efs1fqmqr2decq1v12/gradle-1.10/lib/plugins/maven-ant-tasks-2.1.3.jar
7f97552f9000-7f9755302000 r--s 00060000 08:03 409745                     /home/startic/.gradle/wrapper/dists/gradle-1.10-all/6vpvhqu0efs1fqmqr2decq1v12/gradle-1.10/lib/plugins/httpclient-4.2.2.jar
7f9755302000-7f9755306000 r--s 0001e000 08:03 409696                     /home/startic/.gradle/wrapper/dists/gradle-1.10-all/6vpvhqu0efs1fqmqr2decq1v12/gradle-1.10/lib/plugins/jarjar-aether-impl-1.13.1.jar
7f9755306000-7f9755309000 r--s 00027000 08:03 409695                     /home/startic/.gradle/wrapper/dists/gradle-1.10-all/6vpvhqu0efs1fqmqr2decq1v12/gradle-1.10/lib/plugins/jarjar-maven-model-3.0.4.jar
7f9755309000-7f975530c000 r--s 0000b000 08:03 409694                     /home/startic/.gradle/wrapper/dists/gradle-1.10-all/6vpvhqu0efs1fqmqr2decq1v12/gradle-1.10/lib/plugins/jarjar-maven-artifact-3.0.4.jar
7f975530c000-7f9755310000 r--s 0001e000 08:03 409693                     /home/startic/.gradle/wrapper/dists/gradle-1.10-all/6vpvhqu0efs1fqmqr2decq1v12/gradle-1.10/lib/plugins/jarjar-aether-util-1.13.1.jar
7f9755310000-7f9755312000 r--s 00007000 08:03 409692                     /home/startic/.gradle/wrapper/dists/gradle-1.10-all/6vpvhqu0efs1fqmqr2decq1v12/gradle-1.10/lib/plugins/jarjar-wagon-http-shared4-2.4.jar
7f9755312000-7f975531f000 r--s 00083000 08:03 409691                     /home/startic/.gradle/wrapper/dists/gradle-1.10-all/6vpvhqu0efs1fqmqr2decq1v12/gradle-1.10/lib/plugins/jarjar-maven-core-3.0.4.jar
7f975531f000-7f9755321000 r--s 00003000 08:03 409690                     /home/startic/.gradle/wrapper/dists/gradle-1.10-all/6vpvhqu0efs1fqmqr2decq1v12/gradle-1.10/lib/plugins/jarjar-aether-spi-1.13.1.jar
7f9755321000-7f9755323000 r--s 00009000 08:03 409689                     /home/startic/.gradle/wrapper/dists/gradle-1.10-all/6vpvhqu0efs1fqmqr2decq1v12/gradle-1.10/lib/plugins/jarjar-maven-settings-builder-3.0.4.jar
7f9755323000-7f9755327000 r--s 00014000 08:03 409688                     /home/startic/.gradle/wrapper/dists/gradle-1.10-all/6vpvhqu0efs1fqmqr2decq1v12/gradle-1.10/lib/plugins/jarjar-aether-api-1.13.1.jar
7f9755327000-7f9755328000 r--s 00002000 08:03 409687                     /home/startic/.gradle/wrapper/dists/gradle-1.10-all/6vpvhqu0efs1fqmqr2decq1v12/gradle-1.10/lib/plugins/jarjar-wagon-http-2.4.jar
7f9755328000-7f975532f000 r--s 00042000 08:03 409686                     /home/startic/.gradle/wrapper/dists/gradle-1.10-all/6vpvhqu0efs1fqmqr2decq1v12/gradle-1.10/lib/plugins/jarjar-maven-compat-3.0.4.jar
7f975532f000-7f9755331000 r--s 00006000 08:03 409685                     /home/startic/.gradle/wrapper/dists/gradle-1.10-all/6vpvhqu0efs1fqmqr2decq1v12/gradle-1.10/lib/plugins/jarjar-aether-connector-wagon-1.13.1.jar
7f9755331000-7f9755333000 r--s 00000000 08:03 409684                     /home/startic/.gradle/wrapper/dists/gradle-1.10-all/6vpvhqu0efs1fqmqr2decq1v12/gradle-1.10/lib/plugins/jarjar-plexus-component-annotations-1.5.5.jar
7f9755333000-7f9755335000 r--s 00006000 08:03 409683                     /home/startic/.gradle/wrapper/dists/gradle-1.10-all/6vpvhqu0efs1fqmqr2decq1v12/gradle-1.10/lib/plugins/jarjar-plexus-sec-dispatcher-1.3.jar
7f9755335000-7f975533a000 r--s 00022000 08:03 409682                     /home/startic/.gradle/wrapper/dists/gradle-1.10-all/6vpvhqu0efs1fqmqr2decq1v12/gradle-1.10/lib/plugins/jarjar-maven-model-builder-3.0.4.jar
7f975533a000-7f975533c000 r--s 0000b000 08:03 409681                     /home/startic/.gradle/wrapper/dists/gradle-1.10-all/6vpvhqu0efs1fqmqr2decq1v12/gradle-1.10/lib/plugins/jarjar-maven-plugin-api-3.0.4.jar
7f975533c000-7f975533f000 r--s 0000a000 08:03 409680                     /home/startic/.gradle/wrapper/dists/gradle-1.10-all/6vpvhqu0efs1fqmqr2decq1v12/gradle-1.10/lib/plugins/jarjar-plexus-classworlds-2.4.jar
7f975533f000-7f9755343000 r--s 00035000 08:03 409679                     /home/startic/.gradle/wrapper/dists/gradle-1.10-all/6vpvhqu0efs1fqmqr2decq1v12/gradle-1.10/lib/plugins/jarjar-plexus-utils-2.0.6.jar
7f9755343000-7f9755345000 r--s 0000e000 08:03 409678                     /home/startic/.gradle/wrapper/dists/gradle-1.10-all/6vpvhqu0efs1fqmqr2decq1v12/gradle-1.10/lib/plugins/jarjar-plexus-interpolation-1.14.jar
7f9755345000-7f9755347000 r--s 00002000 08:03 409677                     /home/startic/.gradle/wrapper/dists/gradle-1.10-all/6vpvhqu0efs1fqmqr2decq1v12/gradle-1.10/lib/plugins/jarjar-plexus-cipher-1.7.jar
7f9755347000-7f9755349000 r--s 0000c000 08:03 409676                     /home/startic/.gradle/wrapper/dists/gradle-1.10-all/6vpvhqu0efs1fqmqr2decq1v12/gradle-1.10/lib/plugins/jarjar-wagon-provider-api-2.4.jar
7f9755349000-7f975534b000 r--s 0000d000 08:03 409675                     /home/startic/.gradle/wrapper/dists/gradle-1.10-all/6vpvhqu0efs1fqmqr2decq1v12/gradle-1.10/lib/plugins/jarjar-maven-aether-provider-3.0.4.jar
7f975534b000-7f9755353000 r--s 00031000 08:03 409674                     /home/startic/.gradle/wrapper/dists/gradle-1.10-all/6vpvhqu0efs1fqmqr2decq1v12/gradle-1.10/lib/plugins/jarjar-plexus-container-default-1.5.5.jar
7f9755353000-7f9755354000 r--s 00007000 08:03 409673                     /home/startic/.gradle/wrapper/dists/gradle-1.10-all/6vpvhqu0efs1fqmqr2decq1v12/gradle-1.10/lib/plugins/jarjar-maven-repository-metadata-3.0.4.jar
7f9755354000-7f9755355000 r--s 0000b000 08:03 409672                     /home/startic/.gradle/wrapper/dists/gradle-1.10-all/6vpvhqu0efs1fqmqr2decq1v12/gradle-1.10/lib/plugins/jarjar-maven-settings-3.0.4.jar
7f9755355000-7f975536b000 r--s 000a1000 08:03 409720                     /home/startic/.gradle/wrapper/dists/gradle-1.10-all/6vpvhqu0efs1fqmqr2decq1v12/gradle-1.10/lib/plugins/gradle-core-impl-1.10.jar
7f975536b000-7f975537b000 r-xp 00000000 08:03 2016719                    /usr/lib/jvm/java-7-oracle/jre/lib/amd64/libnio.so
7f975537b000-7f975557b000 ---p 00010000 08:03 2016719                    /usr/lib/jvm/java-7-oracle/jre/lib/amd64/libnio.so
7f975557b000-7f975557c000 rw-p 00010000 08:03 2016719                    /usr/lib/jvm/java-7-oracle/jre/lib/amd64/libnio.so
7f975557c000-7f9755583000 r--s 00000000 08:03 1609041                    /usr/lib/x86_64-linux-gnu/gconv/gconv-modules.cache
7f9755583000-7f97555a8000 r--p 00000000 08:03 1860442                    /usr/share/locale-langpack/es/LC_MESSAGES/libc.mo
7f97555a8000-7f97555d9000 rw-p 00000000 00:00 0 
7f97555d9000-7f97555ef000 r-xp 00000000 08:03 2016708                    /usr/lib/jvm/java-7-oracle/jre/lib/amd64/libnet.so
7f97555ef000-7f97557ef000 ---p 00016000 08:03 2016708                    /usr/lib/jvm/java-7-oracle/jre/lib/amd64/libnet.so
7f97557ef000-7f97557f0000 rw-p 00016000 08:03 2016708                    /usr/lib/jvm/java-7-oracle/jre/lib/amd64/libnet.so
7f97557f0000-7f97557f8000 r--s 00025000 08:03 409629                     /home/startic/.gradle/wrapper/dists/gradle-1.10-all/6vpvhqu0efs1fqmqr2decq1v12/gradle-1.10/lib/gradle-tooling-api-1.10.jar
7f97557f8000-7f97557fa000 r--s 00005000 08:03 409652                     /home/startic/.gradle/wrapper/dists/gradle-1.10-all/6vpvhqu0efs1fqmqr2decq1v12/gradle-1.10/lib/gradle-open-api-1.10.jar
7f97557fa000-7f9755800000 r--s 00032000 08:03 409654                     /home/startic/.gradle/wrapper/dists/gradle-1.10-all/6vpvhqu0efs1fqmqr2decq1v12/gradle-1.10/lib/jaxen-1.1.jar
7f9755800000-7f9758000000 rw-p 00000000 00:00 0 
7f9758000000-7f9758021000 rw-p 00000000 00:00 0 
7f9758021000-7f975c000000 ---p 00000000 00:00 0 
7f975c000000-7f975c001000 r--s 00005000 08:03 409624                     /home/startic/.gradle/wrapper/dists/gradle-1.10-all/6vpvhqu0efs1fqmqr2decq1v12/gradle-1.10/lib/gradle-wrapper-1.10.jar
7f975c001000-7f975c006000 r--s 00048000 08:03 409653                     /home/startic/.gradle/wrapper/dists/gradle-1.10-all/6vpvhqu0efs1fqmqr2decq1v12/gradle-1.10/lib/dom4j-1.6.1.jar
7f975c006000-7f975c011000 r--s 0005b000 08:03 409628                     /home/startic/.gradle/wrapper/dists/gradle-1.10-all/6vpvhqu0efs1fqmqr2decq1v12/gradle-1.10/lib/gradle-ui-1.10.jar
7f975c011000-7f975c013000 r--s 00007000 08:03 409669                     /home/startic/.gradle/wrapper/dists/gradle-1.10-all/6vpvhqu0efs1fqmqr2decq1v12/gradle-1.10/lib/objenesis-1.2.jar
7f975c013000-7f975c015000 r--s 00000000 08:03 409668                     /home/startic/.gradle/wrapper/dists/gradle-1.10-all/6vpvhqu0efs1fqmqr2decq1v12/gradle-1.10/lib/minlog-1.2.jar
7f975c015000-7f975c017000 r--s 0000f000 08:03 409667                     /home/startic/.gradle/wrapper/dists/gradle-1.10-all/6vpvhqu0efs1fqmqr2decq1v12/gradle-1.10/lib/reflectasm-1.07-shaded.jar
7f975c017000-7f975c019000 r--s 0000a000 08:03 409670                     /home/startic/.gradle/wrapper/dists/gradle-1.10-all/6vpvhqu0efs1fqmqr2decq1v12/gradle-1.10/lib/asm-4.0.jar
7f975c019000-7f975c01d000 r--s 00026000 08:03 409661                     /home/startic/.gradle/wrapper/dists/gradle-1.10-all/6vpvhqu0efs1fqmqr2decq1v12/gradle-1.10/lib/kryo-2.20.jar
7f975c01d000-7f975c025000 r--s 00035000 08:03 409648                     /home/startic/.gradle/wrapper/dists/gradle-1.10-all/6vpvhqu0efs1fqmqr2decq1v12/gradle-1.10/lib/gradle-messaging-1.10.jar
7f975c025000-7f975c026000 r--s 00004000 08:03 409666                     /home/startic/.gradle/wrapper/dists/gradle-1.10-all/6vpvhqu0efs1fqmqr2decq1v12/gradle-1.10/lib/native-platform-windows-i386-0.3-rc-2.jar
7f975c026000-7f975c027000 r--s 00006000 08:03 409665                     /home/startic/.gradle/wrapper/dists/gradle-1.10-all/6vpvhqu0efs1fqmqr2decq1v12/gradle-1.10/lib/native-platform-windows-amd64-0.3-rc-2.jar
7f975c027000-7f975c028000 r--s 00003000 08:03 409664                     /home/startic/.gradle/wrapper/dists/gradle-1.10-all/6vpvhqu0efs1fqmqr2decq1v12/gradle-1.10/lib/native-platform-linux-i386-0.3-rc-2.jar
7f975c028000-7f975c029000 r--s 00003000 08:03 409663                     /home/startic/.gradle/wrapper/dists/gradle-1.10-all/6vpvhqu0efs1fqmqr2decq1v12/gradle-1.10/lib/native-platform-linux-amd64-0.3-rc-2.jar
7f975c029000-7f975c02a000 r--s 00004000 08:03 409662                     /home/startic/.gradle/wrapper/dists/gradle-1.10-all/6vpvhqu0efs1fqmqr2decq1v12/gradle-1.10/lib/native-platform-osx-universal-0.3-rc-2.jar
7f975c02a000-7f975c02c000 r--s 00008000 08:03 409658                     /home/startic/.gradle/wrapper/dists/gradle-1.10-all/6vpvhqu0efs1fqmqr2decq1v12/gradle-1.10/lib/jansi-1.2.1.jar
7f975c02c000-7f975c02f000 r--s 00013000 08:03 409657                     /home/startic/.gradle/wrapper/dists/gradle-1.10-all/6vpvhqu0efs1fqmqr2decq1v12/gradle-1.10/lib/jna-posix-1.0.3.jar
7f975c02f000-7f975c031000 r--s 0000b000 08:03 409656                     /home/startic/.gradle/wrapper/dists/gradle-1.10-all/6vpvhqu0efs1fqmqr2decq1v12/gradle-1.10/lib/native-platform-0.3-rc-2.jar
7f975c031000-7f975c035000 r--s 000e4000 08:03 409655                     /home/startic/.gradle/wrapper/dists/gradle-1.10-all/6vpvhqu0efs1fqmqr2decq1v12/gradle-1.10/lib/jna-3.2.7.jar
7f975c035000-7f975c038000 r--s 00009000 08:03 409630                     /home/startic/.gradle/wrapper/dists/gradle-1.10-all/6vpvhqu0efs1fqmqr2decq1v12/gradle-1.10/lib/gradle-native-1.10.jar
7f975c038000-7f975c03a000 r--s 00005000 08:03 409627                     /home/startic/.gradle/wrapper/dists/gradle-1.10-all/6vpvhqu0efs1fqmqr2decq1v12/gradle-1.10/lib/gradle-cli-1.10.jar
7f975c03a000-7f975c03b000 r--s 00000000 08:03 409635                     /home/startic/.gradle/wrapper/dists/gradle-1.10-all/6vpvhqu0efs1fqmqr2decq1v12/gradle-1.10/lib/gradle-resources-1.10.jar
7f975c03b000-7f975c03d000 r--s 00000000 08:03 409634                     /home/startic/.gradle/wrapper/dists/gradle-1.10-all/6vpvhqu0efs1fqmqr2decq1v12/gradle-1.10/lib/gradle-base-services-groovy-1.10.jar
7f975c03d000-7f975c03e000 r--s 00000000 08:03 409649                     /home/startic/.gradle/wrapper/dists/gradle-1.10-all/6vpvhqu0efs1fqmqr2decq1v12/gradle-1.10/lib/gradle-docs-1.10.jar
7f975c03e000-7f975c042000 r--s 00034000 08:03 409660                     /home/startic/.gradle/wrapper/dists/gradle-1.10-all/6vpvhqu0efs1fqmqr2decq1v12/gradle-1.10/lib/jsch-0.1.46.jar
7f975c042000-7f975c044000 r--s 00003000 08:03 409651                     /home/startic/.gradle/wrapper/dists/gradle-1.10-all/6vpvhqu0efs1fqmqr2decq1v12/gradle-1.10/lib/jcl-over-slf4j-1.7.5.jar
7f975c044000-7f975c046000 r--s 00004000 08:03 409650                     /home/startic/.gradle/wrapper/dists/gradle-1.10-all/6vpvhqu0efs1fqmqr2decq1v12/gradle-1.10/lib/log4j-over-slf4j-1.7.5.jar
7f975c046000-7f975c04c000 r--s 0003b000 08:03 409643                     /home/startic/.gradle/wrapper/dists/gradle-1.10-all/6vpvhqu0efs1fqmqr2decq1v12/gradle-1.10/lib/logback-classic-1.0.13.jar
7f975c04c000-7f975c056000 r--s 0005d000 08:03 409642                     /home/startic/.gradle/wrapper/dists/gradle-1.10-all/6vpvhqu0efs1fqmqr2decq1v12/gradle-1.10/lib/logback-core-1.0.13.jar
7f975c056000-7f975c065000 r--s 000d9000 08:03 409641                     /home/startic/.gradle/wrapper/dists/gradle-1.10-all/6vpvhqu0efs1fqmqr2decq1v12/gradle-1.10/lib/ivy-2.2.0.jar
7f975c065000-7f975c073000 r--s 0007f000 08:03 409638                     /home/startic/.gradle/wrapper/dists/gradle-1.10-all/6vpvhqu0efs1fqmqr2decq1v12/gradle-1.10/lib/commons-collections-3.2.1.jar
7f975c073000-7f975c0cf000 r--s 00586000 08:03 409633                     /home/startic/.gradle/wrapper/dists/gradle-1.10-all/6vpvhqu0efs1fqmqr2decq1v12/gradle-1.10/lib/groovy-all-1.8.6.jar
7f975c0cf000-7f975c0f6000 r--s 001c3000 08:03 409632                     /home/startic/.gradle/wrapper/dists/gradle-1.10-all/6vpvhqu0efs1fqmqr2decq1v12/gradle-1.10/lib/guava-jdk5-14.0.1.jar
7f975c0f6000-7f975c114000 r--s 001cb000 08:03 409637                     /home/startic/.gradle/wrapper/dists/gradle-1.10-all/6vpvhqu0efs1fqmqr2decq1v12/gradle-1.10/lib/ant-1.9.2.jar
7f975c114000-7f975c115000 ---p 00000000 00:00 0 
7f975c115000-7f975c215000 rw-p 00000000 00:00 0                          [stack:13645]
7f975c215000-7f975c218000 ---p 00000000 00:00 0 
7f975c218000-7f975c316000 rw-p 00000000 00:00 0                          [stack:13644]
7f975c316000-7f975c319000 ---p 00000000 00:00 0 
7f975c319000-7f975c417000 rw-p 00000000 00:00 0                          [stack:13643]
7f975c417000-7f975c41a000 ---p 00000000 00:00 0 
7f975c41a000-7f975c518000 rw-p 00000000 00:00 0                          [stack:13642]
7f975c518000-7f975c51b000 ---p 00000000 00:00 0 
7f975c51b000-7f975c619000 rw-p 00000000 00:00 0                          [stack:13641]
7f975c619000-7f975ccfd000 r--p 00000000 08:03 5980161                    /usr/lib/locale/locale-archive
7f975ccfd000-7f975cd00000 ---p 00000000 00:00 0 
7f975cd00000-7f975cdfe000 rw-p 00000000 00:00 0                          [stack:13640]
7f975cdfe000-7f975ce01000 ---p 00000000 00:00 0 
7f975ce01000-7f975ceff000 rw-p 00000000 00:00 0                          [stack:13639]
7f975ceff000-7f975cf00000 ---p 00000000 00:00 0 
7f975cf00000-7f975d000000 rw-p 00000000 00:00 0                          [stack:13638]
7f975d000000-7f975d270000 rwxp 00000000 00:00 0 
7f975d270000-7f9760000000 rw-p 00000000 00:00 0 
7f9760000000-7f9760607000 rw-p 00000000 00:00 0 
7f9760607000-7f9764000000 ---p 00000000 00:00 0 
7f9764000000-7f9764001000 r--s 00000000 08:03 409647                     /home/startic/.gradle/wrapper/dists/gradle-1.10-all/6vpvhqu0efs1fqmqr2decq1v12/gradle-1.10/lib/javax.inject-1.jar
7f9764001000-7f9764004000 r--s 0001b000 08:03 409646                     /home/startic/.gradle/wrapper/dists/gradle-1.10-all/6vpvhqu0efs1fqmqr2decq1v12/gradle-1.10/lib/jarjar-1.3.jar
7f9764004000-7f9764009000 r--s 00041000 08:03 409640                     /home/startic/.gradle/wrapper/dists/gradle-1.10-all/6vpvhqu0efs1fqmqr2decq1v12/gradle-1.10/lib/commons-lang-2.6.jar
7f9764009000-7f976400c000 r--s 00018000 08:03 409639                     /home/startic/.gradle/wrapper/dists/gradle-1.10-all/6vpvhqu0efs1fqmqr2decq1v12/gradle-1.10/lib/commons-io-1.4.jar
7f976400c000-7f976403c000 r--s 00192000 08:03 409626                     /home/startic/.gradle/wrapper/dists/gradle-1.10-all/6vpvhqu0efs1fqmqr2decq1v12/gradle-1.10/lib/gradle-core-1.10.jar
7f976403c000-7f976413d000 rw-p 00000000 00:00 0 
7f976413d000-7f976423e000 rw-p 00000000 00:00 0 
7f976423e000-7f976433f000 rw-p 00000000 00:00 0 
7f976433f000-7f9764440000 rw-p 00000000 00:00 0 
7f9764440000-7f9764541000 rw-p 00000000 00:00 0 
7f9764541000-7f9764562000 rw-p 00000000 00:00 0 
7f9764562000-7f9764663000 rw-p 00000000 00:00 0 
7f9764663000-7f9764684000 rw-p 00000000 00:00 0 
7f9764684000-7f9764785000 rw-p 00000000 00:00 0 
7f9764785000-7f97647a6000 rw-p 00000000 00:00 0 
7f97647a6000-7f97648a7000 rw-p 00000000 00:00 0 
7f97648a7000-7f97648c8000 rw-p 00000000 00:00 0 
7f97648c8000-7f97649c9000 rw-p 00000000 00:00 0 
7f97649c9000-7f97649ea000 rw-p 00000000 00:00 0 
7f97649ea000-7f9764aeb000 rw-p 00000000 00:00 0 
7f9764aeb000-7f9764bec000 rw-p 00000000 00:00 0 
7f9764bec000-7f9764ced000 rw-p 00000000 00:00 0 
7f9764ced000-7f9764dee000 rw-p 00000000 00:00 0 
7f9764dee000-7f9764eef000 rw-p 00000000 00:00 0 
7f9764eef000-7f9764ff0000 rw-p 00000000 00:00 0 
7f9764ff0000-7f976503b000 rw-p 00000000 00:00 0 
7f976503b000-7f97651f9000 r--s 039d0000 08:03 2016751                    /usr/lib/jvm/java-7-oracle/jre/lib/rt.jar
7f97651f9000-7f976526f000 rw-p 00000000 00:00 0 
7f976526f000-7f97652ca000 rw-p 00000000 00:00 0 
7f97652ca000-7f97652f2000 rw-p 00000000 00:00 0 
7f97652f2000-7f9765572000 rw-p 00000000 00:00 0 
7f9765572000-7f9765573000 ---p 00000000 00:00 0 
7f9765573000-7f9765673000 rw-p 00000000 00:00 0                          [stack:13637]
7f9765673000-7f9765674000 ---p 00000000 00:00 0 
7f9765674000-7f9765774000 rw-p 00000000 00:00 0                          [stack:13636]
7f9765774000-7f9765775000 ---p 00000000 00:00 0 
7f9765775000-7f9765875000 rw-p 00000000 00:00 0                          [stack:13635]
7f9765875000-7f9765876000 ---p 00000000 00:00 0 
7f9765876000-7f9765976000 rw-p 00000000 00:00 0                          [stack:13634]
7f9765976000-7f9765981000 rw-p 00000000 00:00 0 
7f9765981000-7f9765982000 rw-p 00000000 00:00 0 
7f9765982000-7f97659f6000 rw-p 00000000 00:00 0 
7f97659f6000-7f9765a1f000 rw-p 00000000 00:00 0 
7f9765a1f000-7f9765b4c000 rw-p 00000000 00:00 0 
7f9765b4c000-7f9765b57000 rw-p 00000000 00:00 0 
7f9765b57000-7f9765b58000 rw-p 00000000 00:00 0 
7f9765b58000-7f9765bcc000 rw-p 00000000 00:00 0 
7f9765bcc000-7f9765bf5000 rw-p 00000000 00:00 0 
7f9765bf5000-7f9765d21000 rw-p 00000000 00:00 0 
7f9765d21000-7f9765d36000 rw-p 00000000 00:00 0 
7f9765d36000-7f9765d46000 rw-p 00000000 00:00 0 
7f9765d46000-7f9765dcc000 rw-p 00000000 00:00 0 
7f9765dcc000-7f9765dcd000 rw-p 00000000 00:00 0 
7f9765dcd000-7f9765de7000 r-xp 00000000 08:03 2016686                    /usr/lib/jvm/java-7-oracle/jre/lib/amd64/libzip.so
7f9765de7000-7f9765fe7000 ---p 0001a000 08:03 2016686                    /usr/lib/jvm/java-7-oracle/jre/lib/amd64/libzip.so
7f9765fe7000-7f9765fe8000 rw-p 0001a000 08:03 2016686                    /usr/lib/jvm/java-7-oracle/jre/lib/amd64/libzip.so
7f9765fe8000-7f9765ff4000 r-xp 00000000 08:03 6643834                    /lib/x86_64-linux-gnu/libnss_files-2.15.so
7f9765ff4000-7f97661f3000 ---p 0000c000 08:03 6643834                    /lib/x86_64-linux-gnu/libnss_files-2.15.so
7f97661f3000-7f97661f4000 r--p 0000b000 08:03 6643834                    /lib/x86_64-linux-gnu/libnss_files-2.15.so
7f97661f4000-7f97661f5000 rw-p 0000c000 08:03 6643834                    /lib/x86_64-linux-gnu/libnss_files-2.15.so
7f97661f5000-7f97661ff000 r-xp 00000000 08:03 6643838                    /lib/x86_64-linux-gnu/libnss_nis-2.15.so
7f97661ff000-7f97663ff000 ---p 0000a000 08:03 6643838                    /lib/x86_64-linux-gnu/libnss_nis-2.15.so
7f97663ff000-7f9766400000 r--p 0000a000 08:03 6643838                    /lib/x86_64-linux-gnu/libnss_nis-2.15.so
7f9766400000-7f9766401000 rw-p 0000b000 08:03 6643838                    /lib/x86_64-linux-gnu/libnss_nis-2.15.so
7f9766401000-7f9766418000 r-xp 00000000 08:03 6644798                    /lib/x86_64-linux-gnu/libnsl-2.15.so
7f9766418000-7f9766617000 ---p 00017000 08:03 6644798                    /lib/x86_64-linux-gnu/libnsl-2.15.so
7f9766617000-7f9766618000 r--p 00016000 08:03 6644798                    /lib/x86_64-linux-gnu/libnsl-2.15.so
7f9766618000-7f9766619000 rw-p 00017000 08:03 6644798                    /lib/x86_64-linux-gnu/libnsl-2.15.so
7f9766619000-7f976661b000 rw-p 00000000 00:00 0 
7f976661b000-7f9766623000 r-xp 00000000 08:03 6643832                    /lib/x86_64-linux-gnu/libnss_compat-2.15.so
7f9766623000-7f9766822000 ---p 00008000 08:03 6643832                    /lib/x86_64-linux-gnu/libnss_compat-2.15.so
7f9766822000-7f9766823000 r--p 00007000 08:03 6643832                    /lib/x86_64-linux-gnu/libnss_compat-2.15.so
7f9766823000-7f9766824000 rw-p 00008000 08:03 6643832                    /lib/x86_64-linux-gnu/libnss_compat-2.15.so
7f9766824000-7f976684d000 r-xp 00000000 08:03 2016683                    /usr/lib/jvm/java-7-oracle/jre/lib/amd64/libjava.so
7f976684d000-7f9766a4d000 ---p 00029000 08:03 2016683                    /usr/lib/jvm/java-7-oracle/jre/lib/amd64/libjava.so
7f9766a4d000-7f9766a4f000 rw-p 00029000 08:03 2016683                    /usr/lib/jvm/java-7-oracle/jre/lib/amd64/libjava.so
7f9766a4f000-7f9766a5c000 r-xp 00000000 08:03 2016744                    /usr/lib/jvm/java-7-oracle/jre/lib/amd64/libverify.so
7f9766a5c000-7f9766c5b000 ---p 0000d000 08:03 2016744                    /usr/lib/jvm/java-7-oracle/jre/lib/amd64/libverify.so
7f9766c5b000-7f9766c5d000 rw-p 0000c000 08:03 2016744                    /usr/lib/jvm/java-7-oracle/jre/lib/amd64/libverify.so
7f9766c5d000-7f9766c64000 r-xp 00000000 08:03 6643837                    /lib/x86_64-linux-gnu/librt-2.15.so
7f9766c64000-7f9766e63000 ---p 00007000 08:03 6643837                    /lib/x86_64-linux-gnu/librt-2.15.so
7f9766e63000-7f9766e64000 r--p 00006000 08:03 6643837                    /lib/x86_64-linux-gnu/librt-2.15.so
7f9766e64000-7f9766e65000 rw-p 00007000 08:03 6643837                    /lib/x86_64-linux-gnu/librt-2.15.so
7f9766e65000-7f9766f60000 r-xp 00000000 08:03 6643841                    /lib/x86_64-linux-gnu/libm-2.15.so
7f9766f60000-7f976715f000 ---p 000fb000 08:03 6643841                    /lib/x86_64-linux-gnu/libm-2.15.so
7f976715f000-7f9767160000 r--p 000fa000 08:03 6643841                    /lib/x86_64-linux-gnu/libm-2.15.so
7f9767160000-7f9767161000 rw-p 000fb000 08:03 6643841                    /lib/x86_64-linux-gnu/libm-2.15.so
7f9767161000-7f9767cc3000 r-xp 00000000 08:03 2016734                    /usr/lib/jvm/java-7-oracle/jre/lib/amd64/server/libjvm.so
7f9767cc3000-7f9767ec3000 ---p 00b62000 08:03 2016734                    /usr/lib/jvm/java-7-oracle/jre/lib/amd64/server/libjvm.so
7f9767ec3000-7f9767f86000 rw-p 00b62000 08:03 2016734                    /usr/lib/jvm/java-7-oracle/jre/lib/amd64/server/libjvm.so
7f9767f86000-7f9767fc7000 rw-p 00000000 00:00 0 
7f9767fc7000-7f976817c000 r-xp 00000000 08:03 6643724                    /lib/x86_64-linux-gnu/libc-2.15.so
7f976817c000-7f976837c000 ---p 001b5000 08:03 6643724                    /lib/x86_64-linux-gnu/libc-2.15.so
7f976837c000-7f9768380000 r--p 001b5000 08:03 6643724                    /lib/x86_64-linux-gnu/libc-2.15.so
7f9768380000-7f9768382000 rw-p 001b9000 08:03 6643724                    /lib/x86_64-linux-gnu/libc-2.15.so
7f9768382000-7f9768387000 rw-p 00000000 00:00 0 
7f9768387000-7f9768389000 r-xp 00000000 08:03 6643845                    /lib/x86_64-linux-gnu/libdl-2.15.so
7f9768389000-7f9768589000 ---p 00002000 08:03 6643845                    /lib/x86_64-linux-gnu/libdl-2.15.so
7f9768589000-7f976858a000 r--p 00002000 08:03 6643845                    /lib/x86_64-linux-gnu/libdl-2.15.so
7f976858a000-7f976858b000 rw-p 00003000 08:03 6643845                    /lib/x86_64-linux-gnu/libdl-2.15.so
7f976858b000-7f97685a1000 r-xp 00000000 08:03 2580534                    /usr/lib/jvm/java-7-oracle/lib/amd64/jli/libjli.so
7f97685a1000-7f97687a1000 ---p 00016000 08:03 2580534                    /usr/lib/jvm/java-7-oracle/lib/amd64/jli/libjli.so
7f97687a1000-7f97687a2000 rw-p 00016000 08:03 2580534                    /usr/lib/jvm/java-7-oracle/lib/amd64/jli/libjli.so
7f97687a2000-7f97687ba000 r-xp 00000000 08:03 6643839                    /lib/x86_64-linux-gnu/libpthread-2.15.so
7f97687ba000-7f97689b9000 ---p 00018000 08:03 6643839                    /lib/x86_64-linux-gnu/libpthread-2.15.so
7f97689b9000-7f97689ba000 r--p 00017000 08:03 6643839                    /lib/x86_64-linux-gnu/libpthread-2.15.so
7f97689ba000-7f97689bb000 rw-p 00018000 08:03 6643839                    /lib/x86_64-linux-gnu/libpthread-2.15.so
7f97689bb000-7f97689bf000 rw-p 00000000 00:00 0 
7f97689bf000-7f97689e1000 r-xp 00000000 08:03 6643842                    /lib/x86_64-linux-gnu/ld-2.15.so
7f97689e1000-7f97689e2000 r--s 00001000 08:03 409645                     /home/startic/.gradle/wrapper/dists/gradle-1.10-all/6vpvhqu0efs1fqmqr2decq1v12/gradle-1.10/lib/jul-to-slf4j-1.7.5.jar
7f97689e2000-7f97689e3000 r--s 00000000 08:03 409644                     /home/startic/.gradle/wrapper/dists/gradle-1.10-all/6vpvhqu0efs1fqmqr2decq1v12/gradle-1.10/lib/jcip-annotations-1.0.jar
7f97689e3000-7f97689e8000 r--s 00035000 08:03 409636                     /home/startic/.gradle/wrapper/dists/gradle-1.10-all/6vpvhqu0efs1fqmqr2decq1v12/gradle-1.10/lib/asm-all-5.0_BETA.jar
7f97689e8000-7f9768a01000 rw-p 00000000 00:00 0 
7f9768a01000-7f9768a0b000 rw-p 00000000 00:00 0 
7f9768a0b000-7f9768ac1000 rw-p 00000000 00:00 0 
7f9768ac1000-7f9768ac4000 ---p 00000000 00:00 0 
7f9768ac4000-7f9768bc2000 rw-p 00000000 00:00 0                          [stack:13633]
7f9768bc2000-7f9768bc3000 rw-p 00000000 00:00 0 
7f9768bc3000-7f9768bc4000 rw-p 00000000 00:00 0 
7f9768bc4000-7f9768bc5000 rw-p 00000000 00:00 0 
7f9768bc5000-7f9768bc6000 rw-p 00000000 00:00 0 
7f9768bc6000-7f9768bc8000 r--s 00005000 08:03 409631                     /home/startic/.gradle/wrapper/dists/gradle-1.10-all/6vpvhqu0efs1fqmqr2decq1v12/gradle-1.10/lib/slf4j-api-1.7.5.jar
7f9768bc8000-7f9768bc9000 r--s 00004000 08:03 409659                     /home/startic/.gradle/wrapper/dists/gradle-1.10-all/6vpvhqu0efs1fqmqr2decq1v12/gradle-1.10/lib/ant-launcher-1.9.2.jar
7f9768bc9000-7f9768bce000 r--s 00022000 08:03 409625                     /home/startic/.gradle/wrapper/dists/gradle-1.10-all/6vpvhqu0efs1fqmqr2decq1v12/gradle-1.10/lib/gradle-base-services-1.10.jar
7f9768bce000-7f9768bd5000 r--s 00036000 08:03 409623                     /home/startic/.gradle/wrapper/dists/gradle-1.10-all/6vpvhqu0efs1fqmqr2decq1v12/gradle-1.10/lib/gradle-launcher-1.10.jar
7f9768bd5000-7f9768bdd000 rw-s 00000000 08:03 7299511                    /tmp/hsperfdata_startic/13630
7f9768bdd000-7f9768bde000 rw-p 00000000 00:00 0 
7f9768bde000-7f9768bdf000 ---p 00000000 00:00 0 
7f9768bdf000-7f9768be1000 rw-p 00000000 00:00 0 
7f9768be1000-7f9768be2000 r--p 00022000 08:03 6643842                    /lib/x86_64-linux-gnu/ld-2.15.so
7f9768be2000-7f9768be4000 rw-p 00023000 08:03 6643842                    /lib/x86_64-linux-gnu/ld-2.15.so
7fff5379e000-7fff537bf000 rw-p 00000000 00:00 0                          [stack]
7fff537fe000-7fff53800000 r-xp 00000000 00:00 0                          [vdso]
ffffffffff600000-ffffffffff601000 r-xp 00000000 00:00 0                  [vsyscall]

VM Arguments:
jvm_args: -XX:MaxPermSize=256m -XX:+HeapDumpOnOutOfMemoryError -Xmx1024m -Dfile.encoding=UTF-8 
java_command: org.gradle.launcher.daemon.bootstrap.GradleDaemon 1.10 /home/startic/.gradle/daemon 60000 6f9f0f79-9955-40c8-8578-e80f387ea844 -XX:MaxPermSize=256m -XX:+HeapDumpOnOutOfMemoryError -Xmx1024m -Dfile.encoding=UTF-8
Launcher Type: SUN_STANDARD

Environment Variables:
CLASSPATH=/home/startic/Descargas/android-studio/bin/../lib/bootstrap.jar:/home/startic/Descargas/android-studio/bin/../lib/extensions.jar:/home/startic/Descargas/android-studio/bin/../lib/util.jar:/home/startic/Descargas/android-studio/bin/../lib/jdom.jar:/home/startic/Descargas/android-studio/bin/../lib/log4j.jar:/home/startic/Descargas/android-studio/bin/../lib/trove4j.jar:/home/startic/Descargas/android-studio/bin/../lib/jna.jar:/usr/lib/jvm/java-7-oracle/lib/tools.jar
PATH=/usr/lib/lightdm/lightdm:/usr/local/sbin:/usr/local/bin:/usr/sbin:/usr/bin:/sbin:/bin:/usr/games
LD_LIBRARY_PATH=/home/startic/Descargas/android-studio/bin:
SHELL=/bin/bash
DISPLAY=:0.0

Signal Handlers:
SIGSEGV: [libjvm.so+0x993980], sa_mask[0]=0x7ffbfeff, sa_flags=0x10000004
SIGBUS: [libjvm.so+0x993980], sa_mask[0]=0x7ffbfeff, sa_flags=0x10000004
SIGFPE: [libjvm.so+0x8106e0], sa_mask[0]=0x7ffbfeff, sa_flags=0x10000004
SIGPIPE: [libjvm.so+0x8106e0], sa_mask[0]=0x7ffbfeff, sa_flags=0x10000004
SIGXFSZ: [libjvm.so+0x8106e0], sa_mask[0]=0x7ffbfeff, sa_flags=0x10000004
SIGILL: [libjvm.so+0x8106e0], sa_mask[0]=0x7ffbfeff, sa_flags=0x10000004
SIGUSR1: SIG_DFL, sa_mask[0]=0x00000000, sa_flags=0x00000000
SIGUSR2: [libjvm.so+0x811bd0], sa_mask[0]=0x00000004, sa_flags=0x10000004
SIGHUP: [libjvm.so+0x812b40], sa_mask[0]=0x7ffbfeff, sa_flags=0x10000004
SIGINT: [libjvm.so+0x812b40], sa_mask[0]=0x7ffbfeff, sa_flags=0x10000004
SIGTERM: [libjvm.so+0x812b40], sa_mask[0]=0x7ffbfeff, sa_flags=0x10000004
SIGQUIT: [libjvm.so+0x812b40], sa_mask[0]=0x7ffbfeff, sa_flags=0x10000004


---------------  S Y S T E M  ---------------

OS:wheezy/sid

uname:Linux 3.12.1-031201-generic #201311201654 SMP Wed Nov 20 21:54:49 UTC 2013 x86_64
libc:glibc 2.15 NPTL 2.15 
rlimit: STACK 8192k, CORE 0k, NPROC 63129, NOFILE 4096, AS infinity
load average:3,64 2,82 2,68

/proc/meminfo:
MemTotal:        8100096 kB
MemFree:          131892 kB
Buffers:            1016 kB
Cached:           437716 kB
SwapCached:            0 kB
Active:          7212252 kB
Inactive:         407396 kB
Active(anon):    7193160 kB
Inactive(anon):   388080 kB
Active(file):      19092 kB
Inactive(file):    19316 kB
Unevictable:          32 kB
Mlocked:              32 kB
SwapTotal:             0 kB
SwapFree:              0 kB
Dirty:             15740 kB
Writeback:             0 kB
AnonPages:       7181256 kB
Mapped:            69272 kB
Shmem:            400124 kB
Slab:             100600 kB
SReclaimable:      31996 kB
SUnreclaim:        68604 kB
KernelStack:       12536 kB
PageTables:       133460 kB
NFS_Unstable:          0 kB
Bounce:                0 kB
WritebackTmp:          0 kB
CommitLimit:     4050048 kB
Committed_AS:   19124540 kB
VmallocTotal:   34359738367 kB
VmallocUsed:      359564 kB
VmallocChunk:   34359373992 kB
HardwareCorrupted:     0 kB
AnonHugePages:         0 kB
HugePages_Total:       0
HugePages_Free:        0
HugePages_Rsvd:        0
HugePages_Surp:        0
Hugepagesize:       2048 kB
DirectMap4k:       59108 kB
DirectMap2M:     3010560 kB
DirectMap1G:     5242880 kB


CPU:total 4 (2 cores per cpu, 2 threads per core) family 6 model 69 stepping 1, cmov, cx8, fxsr, mmx, sse, sse2, sse3, ssse3, sse4.1, sse4.2, popcnt, avx, avx2, aes, erms, ht, tsc, tscinvbit

/proc/cpuinfo:
processor	: 0
vendor_id	: GenuineIntel
cpu family	: 6
model		: 69
model name	: Intel(R) Core(TM) i5-4200U CPU @ 1.60GHz
stepping	: 1
microcode	: 0x16
cpu MHz		: 2300.000
cache size	: 3072 KB
physical id	: 0
siblings	: 4
core id		: 0
cpu cores	: 2
apicid		: 0
initial apicid	: 0
fpu		: yes
fpu_exception	: yes
cpuid level	: 13
wp		: yes
flags		: fpu vme de pse tsc msr pae mce cx8 apic sep mtrr pge mca cmov pat pse36 clflush dts acpi mmx fxsr sse sse2 ss ht tm pbe syscall nx pdpe1gb rdtscp lm constant_tsc arch_perfmon pebs bts rep_good nopl xtopology nonstop_tsc aperfmperf eagerfpu pni pclmulqdq dtes64 monitor ds_cpl vmx est tm2 ssse3 fma cx16 xtpr pdcm pcid sse4_1 sse4_2 movbe popcnt tsc_deadline_timer aes xsave avx f16c rdrand lahf_lm abm ida arat epb xsaveopt pln pts dtherm tpr_shadow vnmi flexpriority ept vpid fsgsbase tsc_adjust bmi1 avx2 smep bmi2 erms invpcid
bogomips	: 4589.53
clflush size	: 64
cache_alignment	: 64
address sizes	: 39 bits physical, 48 bits virtual
power management:

processor	: 1
vendor_id	: GenuineIntel
cpu family	: 6
model		: 69
model name	: Intel(R) Core(TM) i5-4200U CPU @ 1.60GHz
stepping	: 1
microcode	: 0x16
cpu MHz		: 2299.910
cache size	: 3072 KB
physical id	: 0
siblings	: 4
core id		: 0
cpu cores	: 2
apicid		: 1
initial apicid	: 1
fpu		: yes
fpu_exception	: yes
cpuid level	: 13
wp		: yes
flags		: fpu vme de pse tsc msr pae mce cx8 apic sep mtrr pge mca cmov pat pse36 clflush dts acpi mmx fxsr sse sse2 ss ht tm pbe syscall nx pdpe1gb rdtscp lm constant_tsc arch_perfmon pebs bts rep_good nopl xtopology nonstop_tsc aperfmperf eagerfpu pni pclmulqdq dtes64 monitor ds_cpl vmx est tm2 ssse3 fma cx16 xtpr pdcm pcid sse4_1 sse4_2 movbe popcnt tsc_deadline_timer aes xsave avx f16c rdrand lahf_lm abm ida arat epb xsaveopt pln pts dtherm tpr_shadow vnmi flexpriority ept vpid fsgsbase tsc_adjust bmi1 avx2 smep bmi2 erms invpcid
bogomips	: 4589.53
clflush size	: 64
cache_alignment	: 64
address sizes	: 39 bits physical, 48 bits virtual
power management:

processor	: 2
vendor_id	: GenuineIntel
cpu family	: 6
model		: 69
model name	: Intel(R) Core(TM) i5-4200U CPU @ 1.60GHz
stepping	: 1
microcode	: 0x16
cpu MHz		: 2299.910
cache size	: 3072 KB
physical id	: 0
siblings	: 4
core id		: 1
cpu cores	: 2
apicid		: 2
initial apicid	: 2
fpu		: yes
fpu_exception	: yes
cpuid level	: 13
wp		: yes
flags		: fpu vme de pse tsc msr pae mce cx8 apic sep mtrr pge mca cmov pat pse36 clflush dts acpi mmx fxsr sse sse2 ss ht tm pbe syscall nx pdpe1gb rdtscp lm constant_tsc arch_perfmon pebs bts rep_good nopl xtopology nonstop_tsc aperfmperf eagerfpu pni pclmulqdq dtes64 monitor ds_cpl vmx est tm2 ssse3 fma cx16 xtpr pdcm pcid sse4_1 sse4_2 movbe popcnt tsc_deadline_timer aes xsave avx f16c rdrand lahf_lm abm ida arat epb xsaveopt pln pts dtherm tpr_shadow vnmi flexpriority ept vpid fsgsbase tsc_adjust bmi1 avx2 smep bmi2 erms invpcid
bogomips	: 4589.53
clflush size	: 64
cache_alignment	: 64
address sizes	: 39 bits physical, 48 bits virtual
power management:

processor	: 3
vendor_id	: GenuineIntel
cpu family	: 6
model		: 69
model name	: Intel(R) Core(TM) i5-4200U CPU @ 1.60GHz
stepping	: 1
microcode	: 0x16
cpu MHz		: 2299.910
cache size	: 3072 KB
physical id	: 0
siblings	: 4
core id		: 1
cpu cores	: 2
apicid		: 3
initial apicid	: 3
fpu		: yes
fpu_exception	: yes
cpuid level	: 13
wp		: yes
flags		: fpu vme de pse tsc msr pae mce cx8 apic sep mtrr pge mca cmov pat pse36 clflush dts acpi mmx fxsr sse sse2 ss ht tm pbe syscall nx pdpe1gb rdtscp lm constant_tsc arch_perfmon pebs bts rep_good nopl xtopology nonstop_tsc aperfmperf eagerfpu pni pclmulqdq dtes64 monitor ds_cpl vmx est tm2 ssse3 fma cx16 xtpr pdcm pcid sse4_1 sse4_2 movbe popcnt tsc_deadline_timer aes xsave avx f16c rdrand lahf_lm abm ida arat epb xsaveopt pln pts dtherm tpr_shadow vnmi flexpriority ept vpid fsgsbase tsc_adjust bmi1 avx2 smep bmi2 erms invpcid
bogomips	: 4589.53
clflush size	: 64
cache_alignment	: 64
address sizes	: 39 bits physical, 48 bits virtual
power management:



Memory: 4k page, physical 8100096k(131892k free), swap 0k(0k free)

vm_info: Java HotSpot(TM) 64-Bit Server VM (24.55-b03) for linux-amd64 JRE (1.7.0_55-b13), built on Mar 17 2014 19:43:58 by "java_re" with gcc 4.3.0 20080428 (Red Hat 4.3.0-8)

time: Mon Jun  2 16:43:02 2014
elapsed time: 6 seconds

