#
# There is insufficient memory for the Java Runtime Environment to continue.
# Native memory allocation (malloc) failed to allocate 66060288 bytes for committing reserved memory.
# Possible reasons:
#   The system is out of physical RAM or swap space
#   In 32 bit mode, the process size limit was hit
# Possible solutions:
#   Reduce memory load on the system
#   Increase physical memory or swap space
#   Check if swap backing store is full
#   Use 64 bit Java on a 64 bit OS
#   Decrease Java heap size (-Xmx/-Xms)
#   Decrease number of Java threads
#   Decrease Java thread stack sizes (-Xss)
#   Set larger code cache with -XX:ReservedCodeCacheSize=
# This output file may be truncated or incomplete.
#
#  Out of Memory Error (os_linux.cpp:2726), pid=21587, tid=139732620945152
#
# JRE version: Java(TM) SE Runtime Environment (7.0_55-b13) (build 1.7.0_55-b13)
# Java VM: Java HotSpot(TM) 64-Bit Server VM (24.55-b03 mixed mode linux-amd64 compressed oops)
# Failed to write core dump. Core dumps have been disabled. To enable core dumping, try "ulimit -c unlimited" before starting Java again
#

---------------  T H R E A D  ---------------

Current thread (0x00007f1610069800):  VMThread [stack: 0x00007f16092c2000,0x00007f16093c3000] [id=21594]

Stack: [0x00007f16092c2000,0x00007f16093c3000],  sp=0x00007f16093c0fe0,  free space=1019k
Native frames: (J=compiled Java code, j=interpreted, Vv=VM code, C=native code)
V  [libjvm.so+0x99305a]  VMError::report_and_die()+0x2ea
V  [libjvm.so+0x4931fb]  report_vm_out_of_memory(char const*, int, unsigned long, char const*)+0x9b
V  [libjvm.so+0x8134be]  os::Linux::commit_memory_impl(char*, unsigned long, bool)+0xfe
V  [libjvm.so+0x81396f]  os::Linux::commit_memory_impl(char*, unsigned long, unsigned long, bool)+0x4f
V  [libjvm.so+0x813b5c]  os::pd_commit_memory(char*, unsigned long, unsigned long, bool)+0xc
V  [libjvm.so+0x80dc1a]  os::commit_memory(char*, unsigned long, unsigned long, bool)+0x2a
V  [libjvm.so+0x87fde3]  PSVirtualSpace::expand_by(unsigned long)+0x53
V  [libjvm.so+0x8811b8]  PSYoungGen::resize_generation(unsigned long, unsigned long)+0xf8
V  [libjvm.so+0x880322]  PSYoungGen::resize(unsigned long, unsigned long)+0x22
V  [libjvm.so+0x87d7bb]  PSScavenge::invoke_no_policy()+0xf3b
V  [libjvm.so+0x87df21]  PSScavenge::invoke()+0x41
V  [libjvm.so+0x835020]  ParallelScavengeHeap::failed_mem_allocate(unsigned long)+0x70
V  [libjvm.so+0x9948f7]  VM_ParallelGCFailedAllocation::doit()+0x97
V  [libjvm.so+0x99bd25]  VM_Operation::evaluate()+0x55
V  [libjvm.so+0x99a15a]  VMThread::evaluate_operation(VM_Operation*)+0xba
V  [libjvm.so+0x99a4de]  VMThread::loop()+0x1ce
V  [libjvm.so+0x99a950]  VMThread::run()+0x70
V  [libjvm.so+0x815668]  java_start(Thread*)+0x108

VM_Operation (0x00007f16034b9b50): ParallelGCFailedAllocation, mode: safepoint, requested by thread 0x00007f15cc027000


---------------  P R O C E S S  ---------------

Java Threads: ( => current thread )
  0x00007f15d0272000 JavaThread "File lock request listener" [_thread_in_native, id=21630, stack(0x00007f1602f00000,0x00007f1603001000)]
  0x00007f15d01e6000 JavaThread "process reaper" daemon [_thread_blocked, id=21629, stack(0x00007f1603001000,0x00007f160303a000)]
  0x00007f15d0010800 JavaThread "Stdin handler" [_thread_blocked, id=21618, stack(0x00007f16031bb000,0x00007f16032bc000)]
  0x00007f15d0001800 JavaThread "Handler for socket connection at /127.0.0.1:58305 with /127.0.0.1:41420" [_thread_in_native, id=21606, stack(0x00007f16032bc000,0x00007f16033bd000)]
  0x00007f15cc027000 JavaThread "Daemon" [_thread_blocked, id=21605, stack(0x00007f16033bd000,0x00007f16034be000)]
  0x00007f16105a8000 JavaThread "Incoming local TCP Connector on port 58305" [_thread_in_native, id=21604, stack(0x00007f16034be000,0x00007f16035bf000)]
  0x00007f1610096800 JavaThread "Service Thread" daemon [_thread_blocked, id=21602, stack(0x00007f16085d8000,0x00007f16086d9000)]
  0x00007f1610094000 JavaThread "C2 CompilerThread1" daemon [_thread_blocked, id=21601, stack(0x00007f16086d9000,0x00007f16087da000)]
  0x00007f1610091000 JavaThread "C2 CompilerThread0" daemon [_thread_blocked, id=21600, stack(0x00007f16087da000,0x00007f16088db000)]
  0x00007f1610087000 JavaThread "Signal Dispatcher" daemon [_thread_blocked, id=21599, stack(0x00007f16088db000,0x00007f16089dc000)]
  0x00007f1610070000 JavaThread "Finalizer" daemon [_thread_blocked, id=21596, stack(0x00007f16090c0000,0x00007f16091c1000)]
  0x00007f161006c000 JavaThread "Reference Handler" daemon [_thread_blocked, id=21595, stack(0x00007f16091c1000,0x00007f16092c2000)]
  0x00007f161000a000 JavaThread "main" [_thread_blocked, id=21589, stack(0x00007f1617653000,0x00007f1617754000)]

Other Threads:
=>0x00007f1610069800 VMThread [stack: 0x00007f16092c2000,0x00007f16093c3000] [id=21594]
  0x00007f16100a1000 WatcherThread [stack: 0x00007f16084d7000,0x00007f16085d8000] [id=21603]

VM state:at safepoint (normal execution)

VM Mutex/Monitor currently owned by a thread:  ([mutex/lock_event])
[0x00007f16100064d0] Threads_lock - owner thread: 0x00007f1610069800
[0x00007f16100069d0] Heap_lock - owner thread: 0x00007f15cc027000

Heap
 PSYoungGen      total 69632K, used 5088K [0x00000000eaa80000, 0x00000000ef380000, 0x0000000100000000)
  eden space 64512K, 0% used [0x00000000eaa80000,0x00000000eaa80000,0x00000000ee980000)
  from space 5120K, 99% used [0x00000000ee980000,0x00000000eee78020,0x00000000eee80000)
  to   space 5120K, 0% used [0x00000000eee80000,0x00000000eee80000,0x00000000ef380000)
 ParOldGen       total 83968K, used 10005K [0x00000000c0000000, 0x00000000c5200000, 0x00000000eaa80000)
  object space 83968K, 11% used [0x00000000c0000000,0x00000000c09c57f8,0x00000000c5200000)
 PSPermGen       total 21504K, used 18953K [0x00000000b0000000, 0x00000000b1500000, 0x00000000c0000000)
  object space 21504K, 88% used [0x00000000b0000000,0x00000000b12826e0,0x00000000b1500000)

Card table byte_map: [0x00007f16146de000,0x00007f161495f000] byte_map_base: 0x00007f161415e000

Polling page: 0x00007f1617770000

Code Cache  [0x00007f160d000000, 0x00007f160d270000, 0x00007f1610000000)
 total_blobs=788 nmethods=248 adapters=493 free_code_cache=47101Kb largest_free_block=48193856

Compilation events (10 events):
Event: 4,893 Thread 0x00007f1610094000  252             groovy.lang.MetaClassImpl::addMetaMethodToIndex (65 bytes)
Event: 4,915 Thread 0x00007f1610091000 nmethod 248 0x00007f160d206e10 code [0x00007f160d2071a0, 0x00007f160d2088c8]
Event: 4,915 Thread 0x00007f1610091000  253             groovy.lang.MetaClassImpl::checkIfStdMethod (179 bytes)
Event: 4,932 Thread 0x00007f1610091000 nmethod 253 0x00007f160d1e8f10 code [0x00007f160d1e9120, 0x00007f160d1e9aa0]
Event: 4,932 Thread 0x00007f1610091000  254             groovy.lang.MetaClassImpl::checkIfGroovyObjectMethod (60 bytes)
Event: 4,933 Thread 0x00007f1610091000 nmethod 254 0x00007f160d200710 code [0x00007f160d200860, 0x00007f160d200938]
Event: 4,933 Thread 0x00007f1610091000  255             groovy.lang.MetaClassImpl::isGenericGetMethod (44 bytes)
Event: 4,935 Thread 0x00007f1610091000 nmethod 255 0x00007f160d1ee990 code [0x00007f160d1eeb00, 0x00007f160d1eece8]
Event: 4,935 Thread 0x00007f1610091000  256             org.codehaus.groovy.runtime.MetaClassHelper::isGenericSetMethod (28 bytes)
Event: 4,936 Thread 0x00007f1610091000 nmethod 256 0x00007f160d1ee590 code [0x00007f160d1ee6e0, 0x00007f160d1ee868]

GC Heap History (5 events):
Event: 1,613 GC heap before
{Heap before GC invocations=1 (full 0):
 PSYoungGen      total 37376K, used 32256K [0x00000000eaa80000, 0x00000000ed400000, 0x0000000100000000)
  eden space 32256K, 100% used [0x00000000eaa80000,0x00000000eca00000,0x00000000eca00000)
  from space 5120K, 0% used [0x00000000ecf00000,0x00000000ecf00000,0x00000000ed400000)
  to   space 5120K, 0% used [0x00000000eca00000,0x00000000eca00000,0x00000000ecf00000)
 ParOldGen       total 83968K, used 0K [0x00000000c0000000, 0x00000000c5200000, 0x00000000eaa80000)
  object space 83968K, 0% used [0x00000000c0000000,0x00000000c0000000,0x00000000c5200000)
 PSPermGen       total 21504K, used 8688K [0x00000000b0000000, 0x00000000b1500000, 0x00000000c0000000)
  object space 21504K, 40% used [0x00000000b0000000,0x00000000b087c3e0,0x00000000b1500000)
Event: 1,642 GC heap after
Heap after GC invocations=1 (full 0):
 PSYoungGen      total 37376K, used 5101K [0x00000000eaa80000, 0x00000000ef380000, 0x0000000100000000)
  eden space 32256K, 0% used [0x00000000eaa80000,0x00000000eaa80000,0x00000000eca00000)
  from space 5120K, 99% used [0x00000000eca00000,0x00000000ecefb7b8,0x00000000ecf00000)
  to   space 5120K, 0% used [0x00000000eee80000,0x00000000eee80000,0x00000000ef380000)
 ParOldGen       total 83968K, used 185K [0x00000000c0000000, 0x00000000c5200000, 0x00000000eaa80000)
  object space 83968K, 0% used [0x00000000c0000000,0x00000000c002e4a0,0x00000000c5200000)
 PSPermGen       total 21504K, used 8688K [0x00000000b0000000, 0x00000000b1500000, 0x00000000c0000000)
  object space 21504K, 40% used [0x00000000b0000000,0x00000000b087c3e0,0x00000000b1500000)
}
Event: 2,912 GC heap before
{Heap before GC invocations=2 (full 0):
 PSYoungGen      total 37376K, used 37357K [0x00000000eaa80000, 0x00000000ef380000, 0x0000000100000000)
  eden space 32256K, 100% used [0x00000000eaa80000,0x00000000eca00000,0x00000000eca00000)
  from space 5120K, 99% used [0x00000000eca00000,0x00000000ecefb7b8,0x00000000ecf00000)
  to   space 5120K, 0% used [0x00000000eee80000,0x00000000eee80000,0x00000000ef380000)
 ParOldGen       total 83968K, used 185K [0x00000000c0000000, 0x00000000c5200000, 0x00000000eaa80000)
  object space 83968K, 0% used [0x00000000c0000000,0x00000000c002e4a0,0x00000000c5200000)
 PSPermGen       total 21504K, used 13806K [0x00000000b0000000, 0x00000000b1500000, 0x00000000c0000000)
  object space 21504K, 64% used [0x00000000b0000000,0x00000000b0d7b920,0x00000000b1500000)
Event: 2,930 GC heap after
Heap after GC invocations=2 (full 0):
 PSYoungGen      total 69632K, used 5097K [0x00000000eaa80000, 0x00000000ef380000, 0x0000000100000000)
  eden space 64512K, 0% used [0x00000000eaa80000,0x00000000eaa80000,0x00000000ee980000)
  from space 5120K, 99% used [0x00000000eee80000,0x00000000ef37a558,0x00000000ef380000)
  to   space 5120K, 0% used [0x00000000ee980000,0x00000000ee980000,0x00000000eee80000)
 ParOldGen       total 83968K, used 2691K [0x00000000c0000000, 0x00000000c5200000, 0x00000000eaa80000)
  object space 83968K, 3% used [0x00000000c0000000,0x00000000c02a0f30,0x00000000c5200000)
 PSPermGen       total 21504K, used 13806K [0x00000000b0000000, 0x00000000b1500000, 0x00000000c0000000)
  object space 21504K, 64% used [0x00000000b0000000,0x00000000b0d7b920,0x00000000b1500000)
}
Event: 4,959 GC heap before
{Heap before GC invocations=3 (full 0):
 PSYoungGen      total 69632K, used 69609K [0x00000000eaa80000, 0x00000000ef380000, 0x0000000100000000)
  eden space 64512K, 100% used [0x00000000eaa80000,0x00000000ee980000,0x00000000ee980000)
  from space 5120K, 99% used [0x00000000eee80000,0x00000000ef37a558,0x00000000ef380000)
  to   space 5120K, 0% used [0x00000000ee980000,0x00000000ee980000,0x00000000eee80000)
 ParOldGen       total 83968K, used 2691K [0x00000000c0000000, 0x00000000c5200000, 0x00000000eaa80000)
  object space 83968K, 3% used [0x00000000c0000000,0x00000000c02a0f30,0x00000000c5200000)
 PSPermGen       total 21504K, used 18953K [0x00000000b0000000, 0x00000000b1500000, 0x00000000c0000000)
  object space 21504K, 88% used [0x00000000b0000000,0x00000000b12826e0,0x00000000b1500000)

Deoptimization events (10 events):
Event: 3,874 Thread 0x00007f15cc027000 Uncommon trap: reason=class_check action=maybe_recompile pc=0x00007f160d0b5f8c method=sun.misc.URLClassPath.getLoader(I)Lsun/misc/URLClassPath$Loader; @ 150
Event: 3,877 Thread 0x00007f15cc027000 Uncommon trap: reason=class_check action=maybe_recompile pc=0x00007f160d0b5f8c method=sun.misc.URLClassPath.getLoader(I)Lsun/misc/URLClassPath$Loader; @ 150
Event: 4,188 Thread 0x00007f15cc027000 Uncommon trap: reason=unreached action=reinterpret pc=0x00007f160d0b383c method=java.lang.Class$MethodArray.addIfNotPresent(Ljava/lang/reflect/Method;)V @ 19
Event: 4,284 Thread 0x00007f15cc027000 Uncommon trap: reason=null_check action=make_not_entrant pc=0x00007f160d1d865c method=groovy.lang.MetaClassImpl.createMetaBeanProperty(Lorg/codehaus/groovy/util/SingleKeyHashMap;Ljava/lang/String;ZLgroovy/lang/MetaMethod;)V @ 5
Event: 4,473 Thread 0x00007f15cc027000 Uncommon trap: reason=class_check action=maybe_recompile pc=0x00007f160d0cf294 method=org.codehaus.groovy.runtime.metaclass.MetaMethodIndex.addMethodToList(Ljava/lang/Object;Lgroovy/lang/MetaMethod;)Ljava/lang/Object; @ 126
Event: 4,473 Thread 0x00007f15cc027000 Uncommon trap: reason=class_check action=maybe_recompile pc=0x00007f160d0cf294 method=org.codehaus.groovy.runtime.metaclass.MetaMethodIndex.addMethodToList(Ljava/lang/Object;Lgroovy/lang/MetaMethod;)Ljava/lang/Object; @ 126
Event: 4,473 Thread 0x00007f15cc027000 Uncommon trap: reason=class_check action=maybe_recompile pc=0x00007f160d0cf294 method=org.codehaus.groovy.runtime.metaclass.MetaMethodIndex.addMethodToList(Ljava/lang/Object;Lgroovy/lang/MetaMethod;)Ljava/lang/Object; @ 126
Event: 4,473 Thread 0x00007f15cc027000 Uncommon trap: reason=class_check action=maybe_recompile pc=0x00007f160d0cf294 method=org.codehaus.groovy.runtime.metaclass.MetaMethodIndex.addMethodToList(Ljava/lang/Object;Lgroovy/lang/MetaMethod;)Ljava/lang/Object; @ 126
Event: 4,683 Thread 0x00007f15cc027000 Uncommon trap: reason=unreached action=reinterpret pc=0x00007f160d09fabc method=java.util.HashMap.get(Ljava/lang/Object;)Ljava/lang/Object; @ 1
Event: 4,683 Thread 0x00007f15cc027000 Uncommon trap: reason=unreached action=reinterpret pc=0x00007f160d09dbe8 method=java.util.HashMap.put(Ljava/lang/Object;Ljava/lang/Object;)Ljava/lang/Object; @ 19

Internal exceptions (10 events):
Event: 4,946 Thread 0x00007f15cc027000 Threw 0x00000000ee948428 at /HUDSON/workspace/7u-2-build-linux-amd64/jdk7u55/869/hotspot/src/share/vm/prims/jvm.cpp:1244
Event: 4,947 Thread 0x00007f15cc027000 Threw 0x00000000ee94e208 at /HUDSON/workspace/7u-2-build-linux-amd64/jdk7u55/869/hotspot/src/share/vm/prims/jvm.cpp:1244
Event: 4,947 Thread 0x00007f15cc027000 Threw 0x00000000ee9532c8 at /HUDSON/workspace/7u-2-build-linux-amd64/jdk7u55/869/hotspot/src/share/vm/prims/jvm.cpp:1244
Event: 4,950 Thread 0x00007f15cc027000 Threw 0x00000000ee96e3e8 at /HUDSON/workspace/7u-2-build-linux-amd64/jdk7u55/869/hotspot/src/share/vm/prims/jvm.cpp:1244
Event: 4,950 Thread 0x00007f15cc027000 Threw 0x00000000ee96eec8 at /HUDSON/workspace/7u-2-build-linux-amd64/jdk7u55/869/hotspot/src/share/vm/prims/jvm.cpp:1244
Event: 4,951 Thread 0x00007f15cc027000 Threw 0x00000000ee974500 at /HUDSON/workspace/7u-2-build-linux-amd64/jdk7u55/869/hotspot/src/share/vm/prims/jvm.cpp:1244
Event: 4,951 Thread 0x00007f15cc027000 Threw 0x00000000ee9750c0 at /HUDSON/workspace/7u-2-build-linux-amd64/jdk7u55/869/hotspot/src/share/vm/prims/jvm.cpp:1244
Event: 4,951 Thread 0x00007f15cc027000 Threw 0x00000000ee975ba0 at /HUDSON/workspace/7u-2-build-linux-amd64/jdk7u55/869/hotspot/src/share/vm/prims/jvm.cpp:1244
Event: 4,951 Thread 0x00007f15cc027000 Threw 0x00000000ee97b1d8 at /HUDSON/workspace/7u-2-build-linux-amd64/jdk7u55/869/hotspot/src/share/vm/prims/jvm.cpp:1244
Event: 4,951 Thread 0x00007f15cc027000 Threw 0x00000000ee97fcc0 at /HUDSON/workspace/7u-2-build-linux-amd64/jdk7u55/869/hotspot/src/share/vm/prims/jvm.cpp:1244

Events (10 events):
Event: 4,939 loading class 0x00007f15d0361ab0 done
Event: 4,946 loading class 0x00007f15d0361b10
Event: 4,946 loading class 0x00007f15d0361b10 done
Event: 4,946 loading class 0x00007f15d0361b10
Event: 4,946 loading class 0x00007f15d0361b10 done
Event: 4,950 loading class 0x00007f15d02f1550
Event: 4,950 loading class 0x00007f15d02f1550 done
Event: 4,951 loading class 0x00007f15d02f1550
Event: 4,951 loading class 0x00007f15d02f1550 done
Event: 4,957 Executing VM operation: ParallelGCFailedAllocation


Dynamic libraries:
00400000-00401000 r-xp 00000000 08:03 2015538                            /usr/lib/jvm/java-7-oracle/bin/java
00600000-00601000 rw-p 00000000 08:03 2015538                            /usr/lib/jvm/java-7-oracle/bin/java
01ec8000-01ee9000 rw-p 00000000 00:00 0                                  [heap]
b0000000-b1500000 rw-p 00000000 00:00 0 
b1500000-c0000000 rw-p 00000000 00:00 0 
c0000000-c5200000 rw-p 00000000 00:00 0 
c5200000-eaa80000 rw-p 00000000 00:00 0 
eaa80000-ed400000 rw-p 00000000 00:00 0 
ed400000-ef380000 rw-p 00000000 00:00 0 
f3280000-100000000 rw-p 00000000 00:00 0 
7f15bc000000-7f15bc021000 rw-p 00000000 00:00 0 
7f15bc021000-7f15c0000000 ---p 00000000 00:00 0 
7f15c0000000-7f15c0021000 rw-p 00000000 00:00 0 
7f15c0021000-7f15c4000000 ---p 00000000 00:00 0 
7f15c4000000-7f15c4021000 rw-p 00000000 00:00 0 
7f15c4021000-7f15c8000000 ---p 00000000 00:00 0 
7f15c8000000-7f15c8021000 rw-p 00000000 00:00 0 
7f15c8021000-7f15cc000000 ---p 00000000 00:00 0 
7f15cc000000-7f15cc02b000 rw-p 00000000 00:00 0 
7f15cc02b000-7f15d0000000 ---p 00000000 00:00 0 
7f15d0000000-7f15d0e94000 rw-p 00000000 00:00 0 
7f15d0e94000-7f15d4000000 ---p 00000000 00:00 0 
7f15d4000000-7f15d4021000 rw-p 00000000 00:00 0 
7f15d4021000-7f15d8000000 ---p 00000000 00:00 0 
7f15d8000000-7f15d8021000 rw-p 00000000 00:00 0 
7f15d8021000-7f15dc000000 ---p 00000000 00:00 0 
7f15dc000000-7f15dc8b3000 rw-p 00000000 00:00 0 
7f15dc8b3000-7f15e0000000 ---p 00000000 00:00 0 
7f15e0000000-7f15e076a000 rw-p 00000000 00:00 0 
7f15e076a000-7f15e4000000 ---p 00000000 00:00 0 
7f15e4000000-7f15e4021000 rw-p 00000000 00:00 0 
7f15e4021000-7f15e8000000 ---p 00000000 00:00 0 
7f15e8000000-7f15e8021000 rw-p 00000000 00:00 0 
7f15e8021000-7f15ec000000 ---p 00000000 00:00 0 
7f15ec000000-7f15ec24a000 rw-p 00000000 00:00 0 
7f15ec24a000-7f15f0000000 ---p 00000000 00:00 0 
7f15f0000000-7f15f0021000 rw-p 00000000 00:00 0 
7f15f0021000-7f15f4000000 ---p 00000000 00:00 0 
7f15f4000000-7f15f4021000 rw-p 00000000 00:00 0 
7f15f4021000-7f15f8000000 ---p 00000000 00:00 0 
7f15f8000000-7f15f8021000 rw-p 00000000 00:00 0 
7f15f8021000-7f15fc000000 ---p 00000000 00:00 0 
7f15fc000000-7f15fc021000 rw-p 00000000 00:00 0 
7f15fc021000-7f1600000000 ---p 00000000 00:00 0 
7f1602f00000-7f1602f03000 ---p 00000000 00:00 0 
7f1602f03000-7f1603001000 rw-p 00000000 00:00 0                          [stack:21630]
7f1603001000-7f1603004000 ---p 00000000 00:00 0 
7f1603004000-7f160303a000 rw-p 00000000 00:00 0                          [stack:21629]
7f160303a000-7f16030a5000 r--s 00e1f000 08:03 2476980                    /usr/lib/jvm/java-7-oracle/lib/tools.jar
7f16030a5000-7f16030ba000 r-xp 00000000 08:03 6791441                    /tmp/jna1850383963381888335.tmp
7f16030ba000-7f16031b9000 ---p 00015000 08:03 6791441                    /tmp/jna1850383963381888335.tmp
7f16031b9000-7f16031bb000 rw-p 00014000 08:03 6791441                    /tmp/jna1850383963381888335.tmp
7f16031bb000-7f16031be000 ---p 00000000 00:00 0 
7f16031be000-7f16032bc000 rw-p 00000000 00:00 0                          [stack:21618]
7f16032bc000-7f16032bf000 ---p 00000000 00:00 0 
7f16032bf000-7f16033bd000 rw-p 00000000 00:00 0                          [stack:21606]
7f16033bd000-7f16033c0000 ---p 00000000 00:00 0 
7f16033c0000-7f16034be000 rw-p 00000000 00:00 0                          [stack:21605]
7f16034be000-7f16034c1000 ---p 00000000 00:00 0 
7f16034c1000-7f16035bf000 rw-p 00000000 00:00 0                          [stack:21604]
7f16035bf000-7f16035d4000 r-xp 00000000 08:03 6644609                    /lib/x86_64-linux-gnu/libgcc_s.so.1
7f16035d4000-7f16037d3000 ---p 00015000 08:03 6644609                    /lib/x86_64-linux-gnu/libgcc_s.so.1
7f16037d3000-7f16037d4000 r--p 00014000 08:03 6644609                    /lib/x86_64-linux-gnu/libgcc_s.so.1
7f16037d4000-7f16037d5000 rw-p 00015000 08:03 6644609                    /lib/x86_64-linux-gnu/libgcc_s.so.1
7f16037d5000-7f16038b7000 r-xp 00000000 08:03 6627936                    /usr/lib/x86_64-linux-gnu/libstdc++.so.6.0.16
7f16038b7000-7f1603ab6000 ---p 000e2000 08:03 6627936                    /usr/lib/x86_64-linux-gnu/libstdc++.so.6.0.16
7f1603ab6000-7f1603abe000 r--p 000e1000 08:03 6627936                    /usr/lib/x86_64-linux-gnu/libstdc++.so.6.0.16
7f1603abe000-7f1603ac0000 rw-p 000e9000 08:03 6627936                    /usr/lib/x86_64-linux-gnu/libstdc++.so.6.0.16
7f1603ac0000-7f1603ad5000 rw-p 00000000 00:00 0 
7f1603aec000-7f1603aed000 rw-p 00000000 00:00 0 
7f1603aed000-7f1603aee000 r--p 00000000 00:00 0 
7f1603aee000-7f1603af2000 r-xp 00000000 08:03 705557                     /tmp/native-platform7730180491746245983dir/libnative-platform-linux-amd64.so
7f1603af2000-7f1603cf1000 ---p 00004000 08:03 705557                     /tmp/native-platform7730180491746245983dir/libnative-platform-linux-amd64.so
7f1603cf1000-7f1603cf2000 rw-p 00003000 08:03 705557                     /tmp/native-platform7730180491746245983dir/libnative-platform-linux-amd64.so
7f1603cf2000-7f1603cf6000 r--s 0008a000 08:03 2016774                    /usr/lib/jvm/java-7-oracle/jre/lib/jsse.jar
7f1603cf6000-7f1603cf8000 r--s 00002000 08:03 409719                     /home/startic/.gradle/wrapper/dists/gradle-1.10-all/6vpvhqu0efs1fqmqr2decq1v12/gradle-1.10/lib/plugins/gradle-language-base-1.10.jar
7f1603cf8000-7f1603cf9000 r--s 00004000 08:03 409718                     /home/startic/.gradle/wrapper/dists/gradle-1.10-all/6vpvhqu0efs1fqmqr2decq1v12/gradle-1.10/lib/plugins/gradle-language-jvm-1.10.jar
7f1603cf9000-7f1603cfe000 r--s 00029000 08:03 409717                     /home/startic/.gradle/wrapper/dists/gradle-1.10-all/6vpvhqu0efs1fqmqr2decq1v12/gradle-1.10/lib/plugins/gradle-build-init-1.10.jar
7f1603cfe000-7f1603d01000 r--s 0001f000 08:03 409716                     /home/startic/.gradle/wrapper/dists/gradle-1.10-all/6vpvhqu0efs1fqmqr2decq1v12/gradle-1.10/lib/plugins/gradle-jacoco-1.10.jar
7f1603d01000-7f1603d04000 r--s 0000c000 08:03 409715                     /home/startic/.gradle/wrapper/dists/gradle-1.10-all/6vpvhqu0efs1fqmqr2decq1v12/gradle-1.10/lib/plugins/gradle-ivy-1.10.jar
7f1603d04000-7f1603d05000 r--s 00002000 08:03 409714                     /home/startic/.gradle/wrapper/dists/gradle-1.10-all/6vpvhqu0efs1fqmqr2decq1v12/gradle-1.10/lib/plugins/gradle-publish-1.10.jar
7f1603d05000-7f1603d07000 r--s 00005000 08:03 409744                     /home/startic/.gradle/wrapper/dists/gradle-1.10-all/6vpvhqu0efs1fqmqr2decq1v12/gradle-1.10/lib/plugins/jatl-0.2.2.jar
7f1603d07000-7f1603d09000 r--s 00007000 08:03 409713                     /home/startic/.gradle/wrapper/dists/gradle-1.10-all/6vpvhqu0efs1fqmqr2decq1v12/gradle-1.10/lib/plugins/gradle-reporting-1.10.jar
7f1603d09000-7f1603d0e000 r--s 0003c000 08:03 409712                     /home/startic/.gradle/wrapper/dists/gradle-1.10-all/6vpvhqu0efs1fqmqr2decq1v12/gradle-1.10/lib/plugins/gradle-diagnostics-1.10.jar
7f1603d0e000-7f1603d15000 r--s 00094000 08:03 409711                     /home/startic/.gradle/wrapper/dists/gradle-1.10-all/6vpvhqu0efs1fqmqr2decq1v12/gradle-1.10/lib/plugins/gradle-build-comparison-1.10.jar
7f1603d15000-7f1603d1c000 r--s 00035000 08:03 409743                     /home/startic/.gradle/wrapper/dists/gradle-1.10-all/6vpvhqu0efs1fqmqr2decq1v12/gradle-1.10/lib/plugins/simple-4.1.21.jar
7f1603d1c000-7f1603d21000 r--s 0002a000 08:03 409742                     /home/startic/.gradle/wrapper/dists/gradle-1.10-all/6vpvhqu0efs1fqmqr2decq1v12/gradle-1.10/lib/plugins/gson-2.2.1.jar
7f1603d21000-7f1603d2d000 r--s 00100000 08:03 409741                     /home/startic/.gradle/wrapper/dists/gradle-1.10-all/6vpvhqu0efs1fqmqr2decq1v12/gradle-1.10/lib/plugins/rhino-1.7R3.jar
7f1603d2d000-7f1603d32000 r--s 00021000 08:03 409710                     /home/startic/.gradle/wrapper/dists/gradle-1.10-all/6vpvhqu0efs1fqmqr2decq1v12/gradle-1.10/lib/plugins/gradle-javascript-1.10.jar
7f1603d32000-7f1603d34000 r--s 0000f000 08:03 409709                     /home/startic/.gradle/wrapper/dists/gradle-1.10-all/6vpvhqu0efs1fqmqr2decq1v12/gradle-1.10/lib/plugins/gradle-ear-1.10.jar
7f1603d34000-7f1603d44000 r--s 000a3000 08:03 409708                     /home/startic/.gradle/wrapper/dists/gradle-1.10-all/6vpvhqu0efs1fqmqr2decq1v12/gradle-1.10/lib/plugins/gradle-cpp-1.10.jar
7f1603d44000-7f1603d6c000 r--s 00194000 08:03 409754                     /home/startic/.gradle/wrapper/dists/gradle-1.10-all/6vpvhqu0efs1fqmqr2decq1v12/gradle-1.10/lib/plugins/bcprov-jdk15-1.46.jar
7f1603d6c000-7f1603d70000 r--s 00025000 08:03 409740                     /home/startic/.gradle/wrapper/dists/gradle-1.10-all/6vpvhqu0efs1fqmqr2decq1v12/gradle-1.10/lib/plugins/bcpg-jdk15-1.46.jar
7f1603d70000-7f1603d73000 r--s 00021000 08:03 409707                     /home/startic/.gradle/wrapper/dists/gradle-1.10-all/6vpvhqu0efs1fqmqr2decq1v12/gradle-1.10/lib/plugins/gradle-signing-1.10.jar
7f1603d73000-7f1603d74000 r--s 00002000 08:03 409739                     /home/startic/.gradle/wrapper/dists/gradle-1.10-all/6vpvhqu0efs1fqmqr2decq1v12/gradle-1.10/lib/plugins/sonar-batch-bootstrapper-2.9.jar
7f1603d74000-7f1603d75000 r--s 00007000 08:03 409738                     /home/startic/.gradle/wrapper/dists/gradle-1.10-all/6vpvhqu0efs1fqmqr2decq1v12/gradle-1.10/lib/plugins/sonar-runner-2.0.jar
7f1603d75000-7f1603d78000 r--s 00022000 08:03 409706                     /home/startic/.gradle/wrapper/dists/gradle-1.10-all/6vpvhqu0efs1fqmqr2decq1v12/gradle-1.10/lib/plugins/gradle-sonar-1.10.jar
7f1603d78000-7f1603d7b000 r--s 0001c000 08:03 409705                     /home/startic/.gradle/wrapper/dists/gradle-1.10-all/6vpvhqu0efs1fqmqr2decq1v12/gradle-1.10/lib/plugins/gradle-scala-1.10.jar
7f1603d7b000-7f1603d7d000 r--s 0000f000 08:03 409704                     /home/startic/.gradle/wrapper/dists/gradle-1.10-all/6vpvhqu0efs1fqmqr2decq1v12/gradle-1.10/lib/plugins/gradle-announce-1.10.jar
7f1603d7d000-7f1603d8b000 r--s 000d9000 08:03 409703                     /home/startic/.gradle/wrapper/dists/gradle-1.10-all/6vpvhqu0efs1fqmqr2decq1v12/gradle-1.10/lib/plugins/gradle-ide-1.10.jar
7f1603d8b000-7f1603d8d000 r--s 00000000 08:03 409737                     /home/startic/.gradle/wrapper/dists/gradle-1.10-all/6vpvhqu0efs1fqmqr2decq1v12/gradle-1.10/lib/plugins/plexus-component-annotations-1.5.2.jar
7f1603d8d000-7f1603d90000 r--s 0000c000 08:03 409736                     /home/startic/.gradle/wrapper/dists/gradle-1.10-all/6vpvhqu0efs1fqmqr2decq1v12/gradle-1.10/lib/plugins/pmaven-groovy-0.8-20100325.jar
7f1603d90000-7f1603d91000 r--s 00004000 08:03 409735                     /home/startic/.gradle/wrapper/dists/gradle-1.10-all/6vpvhqu0efs1fqmqr2decq1v12/gradle-1.10/lib/plugins/pmaven-common-0.8-20100325.jar
7f1603d91000-7f1603d96000 r--s 0001c000 08:03 409702                     /home/startic/.gradle/wrapper/dists/gradle-1.10-all/6vpvhqu0efs1fqmqr2decq1v12/gradle-1.10/lib/plugins/gradle-maven-1.10.jar
7f1603d96000-7f1603dae000 r--s 0013b000 08:03 409733                     /home/startic/.gradle/wrapper/dists/gradle-1.10-all/6vpvhqu0efs1fqmqr2decq1v12/gradle-1.10/lib/plugins/bndlib-2.1.0.jar
7f1603dae000-7f1603daf000 r--s 00005000 08:03 409701                     /home/startic/.gradle/wrapper/dists/gradle-1.10-all/6vpvhqu0efs1fqmqr2decq1v12/gradle-1.10/lib/plugins/gradle-osgi-1.10.jar
7f1603daf000-7f1603db4000 r--s 00068000 08:03 409732                     /home/startic/.gradle/wrapper/dists/gradle-1.10-all/6vpvhqu0efs1fqmqr2decq1v12/gradle-1.10/lib/plugins/antlr-2.7.7.jar
7f1603db4000-7f1603db5000 r--s 00002000 08:03 409731                     /home/startic/.gradle/wrapper/dists/gradle-1.10-all/6vpvhqu0efs1fqmqr2decq1v12/gradle-1.10/lib/plugins/ant-antlr-1.9.2.jar
7f1603db5000-7f1603db7000 r--s 00004000 08:03 409700                     /home/startic/.gradle/wrapper/dists/gradle-1.10-all/6vpvhqu0efs1fqmqr2decq1v12/gradle-1.10/lib/plugins/gradle-antlr-1.10.jar
7f1603db7000-7f1603dba000 r--s 0001e000 08:03 409753                     /home/startic/.gradle/wrapper/dists/gradle-1.10-all/6vpvhqu0efs1fqmqr2decq1v12/gradle-1.10/lib/plugins/jsp-api-2.1-6.1.14.jar
7f1603dba000-7f1603ddd000 r--s 00344000 08:03 409752                     /home/startic/.gradle/wrapper/dists/gradle-1.10-all/6vpvhqu0efs1fqmqr2decq1v12/gradle-1.10/lib/plugins/core-3.1.1.jar
7f1603ddd000-7f1603dde000 r--s 00006000 08:03 409751                     /home/startic/.gradle/wrapper/dists/gradle-1.10-all/6vpvhqu0efs1fqmqr2decq1v12/gradle-1.10/lib/plugins/jetty-naming-6.1.25.jar
7f1603dde000-7f1603def000 r--s 000ea000 08:03 409728                     /home/startic/.gradle/wrapper/dists/gradle-1.10-all/6vpvhqu0efs1fqmqr2decq1v12/gradle-1.10/lib/plugins/jsp-2.1-6.1.14.jar
7f1603def000-7f1603dff000 r-xp 00000000 08:03 2016719                    /usr/lib/jvm/java-7-oracle/jre/lib/amd64/libnio.so
7f1603dff000-7f1603fff000 ---p 00010000 08:03 2016719                    /usr/lib/jvm/java-7-oracle/jre/lib/amd64/libnio.so
7f1603fff000-7f1604000000 rw-p 00010000 08:03 2016719                    /usr/lib/jvm/java-7-oracle/jre/lib/amd64/libnio.so
7f1604000000-7f1604021000 rw-p 00000000 00:00 0 
7f1604021000-7f1608000000 ---p 00000000 00:00 0 
7f1608000000-7f1608001000 r--s 00002000 08:03 409730                     /home/startic/.gradle/wrapper/dists/gradle-1.10-all/6vpvhqu0efs1fqmqr2decq1v12/gradle-1.10/lib/plugins/geronimo-annotation_1.0_spec-1.0.jar
7f1608001000-7f1608003000 r--s 00002000 08:03 409729                     /home/startic/.gradle/wrapper/dists/gradle-1.10-all/6vpvhqu0efs1fqmqr2decq1v12/gradle-1.10/lib/plugins/jetty-annotations-6.1.25.jar
7f1608003000-7f1608005000 r--s 0000d000 08:03 409727                     /home/startic/.gradle/wrapper/dists/gradle-1.10-all/6vpvhqu0efs1fqmqr2decq1v12/gradle-1.10/lib/plugins/jetty-plus-6.1.25.jar
7f1608005000-7f1608007000 r--s 0001f000 08:03 409726                     /home/startic/.gradle/wrapper/dists/gradle-1.10-all/6vpvhqu0efs1fqmqr2decq1v12/gradle-1.10/lib/plugins/servlet-api-2.5-20081211.jar
7f1608007000-7f160800b000 r--s 00028000 08:03 409725                     /home/startic/.gradle/wrapper/dists/gradle-1.10-all/6vpvhqu0efs1fqmqr2decq1v12/gradle-1.10/lib/plugins/jetty-util-6.1.25.jar
7f160800b000-7f1608012000 r--s 0007d000 08:03 409724                     /home/startic/.gradle/wrapper/dists/gradle-1.10-all/6vpvhqu0efs1fqmqr2decq1v12/gradle-1.10/lib/plugins/jetty-6.1.25.jar
7f1608012000-7f1608014000 r--s 00009000 08:03 409699                     /home/startic/.gradle/wrapper/dists/gradle-1.10-all/6vpvhqu0efs1fqmqr2decq1v12/gradle-1.10/lib/plugins/gradle-jetty-1.10.jar
7f1608014000-7f160801a000 r--s 0004c000 08:03 409698                     /home/startic/.gradle/wrapper/dists/gradle-1.10-all/6vpvhqu0efs1fqmqr2decq1v12/gradle-1.10/lib/plugins/gradle-code-quality-1.10.jar
7f160801a000-7f160801c000 r--s 00009000 08:03 409760                     /home/startic/.gradle/wrapper/dists/gradle-1.10-all/6vpvhqu0efs1fqmqr2decq1v12/gradle-1.10/lib/plugins/hamcrest-core-1.3.jar
7f160801c000-7f1608022000 r--s 00033000 08:03 409750                     /home/startic/.gradle/wrapper/dists/gradle-1.10-all/6vpvhqu0efs1fqmqr2decq1v12/gradle-1.10/lib/plugins/snakeyaml-1.6.jar
7f1608022000-7f1608024000 r--s 00006000 08:03 409749                     /home/startic/.gradle/wrapper/dists/gradle-1.10-all/6vpvhqu0efs1fqmqr2decq1v12/gradle-1.10/lib/plugins/jcommander-1.12.jar
7f1608024000-7f1608029000 r--s 00040000 08:03 409748                     /home/startic/.gradle/wrapper/dists/gradle-1.10-all/6vpvhqu0efs1fqmqr2decq1v12/gradle-1.10/lib/plugins/bsh-2.0b4.jar
7f1608029000-7f160802b000 r--s 00009000 08:03 409723                     /home/startic/.gradle/wrapper/dists/gradle-1.10-all/6vpvhqu0efs1fqmqr2decq1v12/gradle-1.10/lib/plugins/commons-cli-1.2.jar
7f160802b000-7f1608034000 r--s 00089000 08:03 409722                     /home/startic/.gradle/wrapper/dists/gradle-1.10-all/6vpvhqu0efs1fqmqr2decq1v12/gradle-1.10/lib/plugins/testng-6.3.1.jar
7f1608034000-7f160803a000 r--s 00036000 08:03 409721                     /home/startic/.gradle/wrapper/dists/gradle-1.10-all/6vpvhqu0efs1fqmqr2decq1v12/gradle-1.10/lib/plugins/junit-4.11.jar
7f160803a000-7f160804a000 r--s 000a6000 08:03 409697                     /home/startic/.gradle/wrapper/dists/gradle-1.10-all/6vpvhqu0efs1fqmqr2decq1v12/gradle-1.10/lib/plugins/gradle-plugins-1.10.jar
7f160804a000-7f1608062000 r--s 00115000 08:03 409758                     /home/startic/.gradle/wrapper/dists/gradle-1.10-all/6vpvhqu0efs1fqmqr2decq1v12/gradle-1.10/lib/plugins/xercesImpl-2.9.1.jar
7f1608062000-7f160806a000 r--s 00028000 08:03 409759                     /home/startic/.gradle/wrapper/dists/gradle-1.10-all/6vpvhqu0efs1fqmqr2decq1v12/gradle-1.10/lib/plugins/xml-apis-1.3.04.jar
7f160806a000-7f1608070000 r--s 0005b000 08:03 409757                     /home/startic/.gradle/wrapper/dists/gradle-1.10-all/6vpvhqu0efs1fqmqr2decq1v12/gradle-1.10/lib/plugins/jcifs-1.3.17.jar
7f1608070000-7f1608076000 r--s 00031000 08:03 409756                     /home/startic/.gradle/wrapper/dists/gradle-1.10-all/6vpvhqu0efs1fqmqr2decq1v12/gradle-1.10/lib/plugins/httpcore-4.2.2.jar
7f1608076000-7f160807c000 r--s 00033000 08:03 409755                     /home/startic/.gradle/wrapper/dists/gradle-1.10-all/6vpvhqu0efs1fqmqr2decq1v12/gradle-1.10/lib/plugins/commons-codec-1.6.jar
7f160807c000-7f1608080000 r--s 0001d000 08:03 409747                     /home/startic/.gradle/wrapper/dists/gradle-1.10-all/6vpvhqu0efs1fqmqr2decq1v12/gradle-1.10/lib/plugins/xbean-reflect-3.4.jar
7f1608080000-7f1608083000 r--s 0001c000 08:03 409746                     /home/startic/.gradle/wrapper/dists/gradle-1.10-all/6vpvhqu0efs1fqmqr2decq1v12/gradle-1.10/lib/plugins/nekohtml-1.9.14.jar
7f1608083000-7f160809c000 r--s 00129000 08:03 409734                     /home/startic/.gradle/wrapper/dists/gradle-1.10-all/6vpvhqu0efs1fqmqr2decq1v12/gradle-1.10/lib/plugins/maven-ant-tasks-2.1.3.jar
7f160809c000-7f16080a5000 r--s 00060000 08:03 409745                     /home/startic/.gradle/wrapper/dists/gradle-1.10-all/6vpvhqu0efs1fqmqr2decq1v12/gradle-1.10/lib/plugins/httpclient-4.2.2.jar
7f16080a5000-7f16080a9000 r--s 0001e000 08:03 409696                     /home/startic/.gradle/wrapper/dists/gradle-1.10-all/6vpvhqu0efs1fqmqr2decq1v12/gradle-1.10/lib/plugins/jarjar-aether-impl-1.13.1.jar
7f16080a9000-7f16080ac000 r--s 00027000 08:03 409695                     /home/startic/.gradle/wrapper/dists/gradle-1.10-all/6vpvhqu0efs1fqmqr2decq1v12/gradle-1.10/lib/plugins/jarjar-maven-model-3.0.4.jar
7f16080ac000-7f16080af000 r--s 0000b000 08:03 409694                     /home/startic/.gradle/wrapper/dists/gradle-1.10-all/6vpvhqu0efs1fqmqr2decq1v12/gradle-1.10/lib/plugins/jarjar-maven-artifact-3.0.4.jar
7f16080af000-7f16080b3000 r--s 0001e000 08:03 409693                     /home/startic/.gradle/wrapper/dists/gradle-1.10-all/6vpvhqu0efs1fqmqr2decq1v12/gradle-1.10/lib/plugins/jarjar-aether-util-1.13.1.jar
7f16080b3000-7f16080b5000 r--s 00007000 08:03 409692                     /home/startic/.gradle/wrapper/dists/gradle-1.10-all/6vpvhqu0efs1fqmqr2decq1v12/gradle-1.10/lib/plugins/jarjar-wagon-http-shared4-2.4.jar
7f16080b5000-7f16080c2000 r--s 00083000 08:03 409691                     /home/startic/.gradle/wrapper/dists/gradle-1.10-all/6vpvhqu0efs1fqmqr2decq1v12/gradle-1.10/lib/plugins/jarjar-maven-core-3.0.4.jar
7f16080c2000-7f16080c4000 r--s 00003000 08:03 409690                     /home/startic/.gradle/wrapper/dists/gradle-1.10-all/6vpvhqu0efs1fqmqr2decq1v12/gradle-1.10/lib/plugins/jarjar-aether-spi-1.13.1.jar
7f16080c4000-7f16080c6000 r--s 00009000 08:03 409689                     /home/startic/.gradle/wrapper/dists/gradle-1.10-all/6vpvhqu0efs1fqmqr2decq1v12/gradle-1.10/lib/plugins/jarjar-maven-settings-builder-3.0.4.jar
7f16080c6000-7f16080ca000 r--s 00014000 08:03 409688                     /home/startic/.gradle/wrapper/dists/gradle-1.10-all/6vpvhqu0efs1fqmqr2decq1v12/gradle-1.10/lib/plugins/jarjar-aether-api-1.13.1.jar
7f16080ca000-7f16080cb000 r--s 00002000 08:03 409687                     /home/startic/.gradle/wrapper/dists/gradle-1.10-all/6vpvhqu0efs1fqmqr2decq1v12/gradle-1.10/lib/plugins/jarjar-wagon-http-2.4.jar
7f16080cb000-7f16080d2000 r--s 00042000 08:03 409686                     /home/startic/.gradle/wrapper/dists/gradle-1.10-all/6vpvhqu0efs1fqmqr2decq1v12/gradle-1.10/lib/plugins/jarjar-maven-compat-3.0.4.jar
7f16080d2000-7f16080d4000 r--s 00006000 08:03 409685                     /home/startic/.gradle/wrapper/dists/gradle-1.10-all/6vpvhqu0efs1fqmqr2decq1v12/gradle-1.10/lib/plugins/jarjar-aether-connector-wagon-1.13.1.jar
7f16080d4000-7f16080d6000 r--s 00000000 08:03 409684                     /home/startic/.gradle/wrapper/dists/gradle-1.10-all/6vpvhqu0efs1fqmqr2decq1v12/gradle-1.10/lib/plugins/jarjar-plexus-component-annotations-1.5.5.jar
7f16080d6000-7f16080d8000 r--s 00006000 08:03 409683                     /home/startic/.gradle/wrapper/dists/gradle-1.10-all/6vpvhqu0efs1fqmqr2decq1v12/gradle-1.10/lib/plugins/jarjar-plexus-sec-dispatcher-1.3.jar
7f16080d8000-7f16080dd000 r--s 00022000 08:03 409682                     /home/startic/.gradle/wrapper/dists/gradle-1.10-all/6vpvhqu0efs1fqmqr2decq1v12/gradle-1.10/lib/plugins/jarjar-maven-model-builder-3.0.4.jar
7f16080dd000-7f16080df000 r--s 0000b000 08:03 409681                     /home/startic/.gradle/wrapper/dists/gradle-1.10-all/6vpvhqu0efs1fqmqr2decq1v12/gradle-1.10/lib/plugins/jarjar-maven-plugin-api-3.0.4.jar
7f16080df000-7f16080e2000 r--s 0000a000 08:03 409680                     /home/startic/.gradle/wrapper/dists/gradle-1.10-all/6vpvhqu0efs1fqmqr2decq1v12/gradle-1.10/lib/plugins/jarjar-plexus-classworlds-2.4.jar
7f16080e2000-7f16080e6000 r--s 00035000 08:03 409679                     /home/startic/.gradle/wrapper/dists/gradle-1.10-all/6vpvhqu0efs1fqmqr2decq1v12/gradle-1.10/lib/plugins/jarjar-plexus-utils-2.0.6.jar
7f16080e6000-7f16080e8000 r--s 0000e000 08:03 409678                     /home/startic/.gradle/wrapper/dists/gradle-1.10-all/6vpvhqu0efs1fqmqr2decq1v12/gradle-1.10/lib/plugins/jarjar-plexus-interpolation-1.14.jar
7f16080e8000-7f16080ea000 r--s 00002000 08:03 409677                     /home/startic/.gradle/wrapper/dists/gradle-1.10-all/6vpvhqu0efs1fqmqr2decq1v12/gradle-1.10/lib/plugins/jarjar-plexus-cipher-1.7.jar
7f16080ea000-7f16080ec000 r--s 0000c000 08:03 409676                     /home/startic/.gradle/wrapper/dists/gradle-1.10-all/6vpvhqu0efs1fqmqr2decq1v12/gradle-1.10/lib/plugins/jarjar-wagon-provider-api-2.4.jar
7f16080ec000-7f16080ee000 r--s 0000d000 08:03 409675                     /home/startic/.gradle/wrapper/dists/gradle-1.10-all/6vpvhqu0efs1fqmqr2decq1v12/gradle-1.10/lib/plugins/jarjar-maven-aether-provider-3.0.4.jar
7f16080ee000-7f16080f6000 r--s 00031000 08:03 409674                     /home/startic/.gradle/wrapper/dists/gradle-1.10-all/6vpvhqu0efs1fqmqr2decq1v12/gradle-1.10/lib/plugins/jarjar-plexus-container-default-1.5.5.jar
7f16080f6000-7f16080f7000 r--s 00007000 08:03 409673                     /home/startic/.gradle/wrapper/dists/gradle-1.10-all/6vpvhqu0efs1fqmqr2decq1v12/gradle-1.10/lib/plugins/jarjar-maven-repository-metadata-3.0.4.jar
7f16080f7000-7f16080f8000 r--s 0000b000 08:03 409672                     /home/startic/.gradle/wrapper/dists/gradle-1.10-all/6vpvhqu0efs1fqmqr2decq1v12/gradle-1.10/lib/plugins/jarjar-maven-settings-3.0.4.jar
7f16080f8000-7f160810e000 r--s 000a1000 08:03 409720                     /home/startic/.gradle/wrapper/dists/gradle-1.10-all/6vpvhqu0efs1fqmqr2decq1v12/gradle-1.10/lib/plugins/gradle-core-impl-1.10.jar
7f160810e000-7f1608115000 r--s 00000000 08:03 1609041                    /usr/lib/x86_64-linux-gnu/gconv/gconv-modules.cache
7f1608115000-7f160813a000 r--p 00000000 08:03 1860442                    /usr/share/locale-langpack/es/LC_MESSAGES/libc.mo
7f160813a000-7f160816b000 rw-p 00000000 00:00 0 
7f160816b000-7f1608181000 r-xp 00000000 08:03 2016708                    /usr/lib/jvm/java-7-oracle/jre/lib/amd64/libnet.so
7f1608181000-7f1608381000 ---p 00016000 08:03 2016708                    /usr/lib/jvm/java-7-oracle/jre/lib/amd64/libnet.so
7f1608381000-7f1608382000 rw-p 00016000 08:03 2016708                    /usr/lib/jvm/java-7-oracle/jre/lib/amd64/libnet.so
7f1608382000-7f1608383000 r--s 00005000 08:03 409624                     /home/startic/.gradle/wrapper/dists/gradle-1.10-all/6vpvhqu0efs1fqmqr2decq1v12/gradle-1.10/lib/gradle-wrapper-1.10.jar
7f1608383000-7f160838b000 r--s 00025000 08:03 409629                     /home/startic/.gradle/wrapper/dists/gradle-1.10-all/6vpvhqu0efs1fqmqr2decq1v12/gradle-1.10/lib/gradle-tooling-api-1.10.jar
7f160838b000-7f160838d000 r--s 00005000 08:03 409652                     /home/startic/.gradle/wrapper/dists/gradle-1.10-all/6vpvhqu0efs1fqmqr2decq1v12/gradle-1.10/lib/gradle-open-api-1.10.jar
7f160838d000-7f1608393000 r--s 00032000 08:03 409654                     /home/startic/.gradle/wrapper/dists/gradle-1.10-all/6vpvhqu0efs1fqmqr2decq1v12/gradle-1.10/lib/jaxen-1.1.jar
7f1608393000-7f1608398000 r--s 00048000 08:03 409653                     /home/startic/.gradle/wrapper/dists/gradle-1.10-all/6vpvhqu0efs1fqmqr2decq1v12/gradle-1.10/lib/dom4j-1.6.1.jar
7f1608398000-7f16083a3000 r--s 0005b000 08:03 409628                     /home/startic/.gradle/wrapper/dists/gradle-1.10-all/6vpvhqu0efs1fqmqr2decq1v12/gradle-1.10/lib/gradle-ui-1.10.jar
7f16083a3000-7f16083a5000 r--s 00007000 08:03 409669                     /home/startic/.gradle/wrapper/dists/gradle-1.10-all/6vpvhqu0efs1fqmqr2decq1v12/gradle-1.10/lib/objenesis-1.2.jar
7f16083a5000-7f16083a7000 r--s 00000000 08:03 409668                     /home/startic/.gradle/wrapper/dists/gradle-1.10-all/6vpvhqu0efs1fqmqr2decq1v12/gradle-1.10/lib/minlog-1.2.jar
7f16083a7000-7f16083a9000 r--s 0000f000 08:03 409667                     /home/startic/.gradle/wrapper/dists/gradle-1.10-all/6vpvhqu0efs1fqmqr2decq1v12/gradle-1.10/lib/reflectasm-1.07-shaded.jar
7f16083a9000-7f16083ab000 r--s 0000a000 08:03 409670                     /home/startic/.gradle/wrapper/dists/gradle-1.10-all/6vpvhqu0efs1fqmqr2decq1v12/gradle-1.10/lib/asm-4.0.jar
7f16083ab000-7f16083af000 r--s 00026000 08:03 409661                     /home/startic/.gradle/wrapper/dists/gradle-1.10-all/6vpvhqu0efs1fqmqr2decq1v12/gradle-1.10/lib/kryo-2.20.jar
7f16083af000-7f16083b7000 r--s 00035000 08:03 409648                     /home/startic/.gradle/wrapper/dists/gradle-1.10-all/6vpvhqu0efs1fqmqr2decq1v12/gradle-1.10/lib/gradle-messaging-1.10.jar
7f16083b7000-7f16083b8000 r--s 00004000 08:03 409666                     /home/startic/.gradle/wrapper/dists/gradle-1.10-all/6vpvhqu0efs1fqmqr2decq1v12/gradle-1.10/lib/native-platform-windows-i386-0.3-rc-2.jar
7f16083b8000-7f16083b9000 r--s 00006000 08:03 409665                     /home/startic/.gradle/wrapper/dists/gradle-1.10-all/6vpvhqu0efs1fqmqr2decq1v12/gradle-1.10/lib/native-platform-windows-amd64-0.3-rc-2.jar
7f16083b9000-7f16083ba000 r--s 00003000 08:03 409664                     /home/startic/.gradle/wrapper/dists/gradle-1.10-all/6vpvhqu0efs1fqmqr2decq1v12/gradle-1.10/lib/native-platform-linux-i386-0.3-rc-2.jar
7f16083ba000-7f16083bb000 r--s 00003000 08:03 409663                     /home/startic/.gradle/wrapper/dists/gradle-1.10-all/6vpvhqu0efs1fqmqr2decq1v12/gradle-1.10/lib/native-platform-linux-amd64-0.3-rc-2.jar
7f16083bb000-7f16083bc000 r--s 00004000 08:03 409662                     /home/startic/.gradle/wrapper/dists/gradle-1.10-all/6vpvhqu0efs1fqmqr2decq1v12/gradle-1.10/lib/native-platform-osx-universal-0.3-rc-2.jar
7f16083bc000-7f16083be000 r--s 00008000 08:03 409658                     /home/startic/.gradle/wrapper/dists/gradle-1.10-all/6vpvhqu0efs1fqmqr2decq1v12/gradle-1.10/lib/jansi-1.2.1.jar
7f16083be000-7f16083c1000 r--s 00013000 08:03 409657                     /home/startic/.gradle/wrapper/dists/gradle-1.10-all/6vpvhqu0efs1fqmqr2decq1v12/gradle-1.10/lib/jna-posix-1.0.3.jar
7f16083c1000-7f16083c3000 r--s 0000b000 08:03 409656                     /home/startic/.gradle/wrapper/dists/gradle-1.10-all/6vpvhqu0efs1fqmqr2decq1v12/gradle-1.10/lib/native-platform-0.3-rc-2.jar
7f16083c3000-7f16083c7000 r--s 000e4000 08:03 409655                     /home/startic/.gradle/wrapper/dists/gradle-1.10-all/6vpvhqu0efs1fqmqr2decq1v12/gradle-1.10/lib/jna-3.2.7.jar
7f16083c7000-7f16083ca000 r--s 00009000 08:03 409630                     /home/startic/.gradle/wrapper/dists/gradle-1.10-all/6vpvhqu0efs1fqmqr2decq1v12/gradle-1.10/lib/gradle-native-1.10.jar
7f16083ca000-7f16083cc000 r--s 00005000 08:03 409627                     /home/startic/.gradle/wrapper/dists/gradle-1.10-all/6vpvhqu0efs1fqmqr2decq1v12/gradle-1.10/lib/gradle-cli-1.10.jar
7f16083cc000-7f16083cd000 r--s 00000000 08:03 409635                     /home/startic/.gradle/wrapper/dists/gradle-1.10-all/6vpvhqu0efs1fqmqr2decq1v12/gradle-1.10/lib/gradle-resources-1.10.jar
7f16083cd000-7f16083cf000 r--s 00000000 08:03 409634                     /home/startic/.gradle/wrapper/dists/gradle-1.10-all/6vpvhqu0efs1fqmqr2decq1v12/gradle-1.10/lib/gradle-base-services-groovy-1.10.jar
7f16083cf000-7f16083d0000 r--s 00000000 08:03 409649                     /home/startic/.gradle/wrapper/dists/gradle-1.10-all/6vpvhqu0efs1fqmqr2decq1v12/gradle-1.10/lib/gradle-docs-1.10.jar
7f16083d0000-7f16083d4000 r--s 00034000 08:03 409660                     /home/startic/.gradle/wrapper/dists/gradle-1.10-all/6vpvhqu0efs1fqmqr2decq1v12/gradle-1.10/lib/jsch-0.1.46.jar
7f16083d4000-7f16083d6000 r--s 00003000 08:03 409651                     /home/startic/.gradle/wrapper/dists/gradle-1.10-all/6vpvhqu0efs1fqmqr2decq1v12/gradle-1.10/lib/jcl-over-slf4j-1.7.5.jar
7f16083d6000-7f16083d8000 r--s 00004000 08:03 409650                     /home/startic/.gradle/wrapper/dists/gradle-1.10-all/6vpvhqu0efs1fqmqr2decq1v12/gradle-1.10/lib/log4j-over-slf4j-1.7.5.jar
7f16083d8000-7f16083d9000 r--s 00000000 08:03 409647                     /home/startic/.gradle/wrapper/dists/gradle-1.10-all/6vpvhqu0efs1fqmqr2decq1v12/gradle-1.10/lib/javax.inject-1.jar
7f16083d9000-7f16083df000 r--s 0003b000 08:03 409643                     /home/startic/.gradle/wrapper/dists/gradle-1.10-all/6vpvhqu0efs1fqmqr2decq1v12/gradle-1.10/lib/logback-classic-1.0.13.jar
7f16083df000-7f16083e9000 r--s 0005d000 08:03 409642                     /home/startic/.gradle/wrapper/dists/gradle-1.10-all/6vpvhqu0efs1fqmqr2decq1v12/gradle-1.10/lib/logback-core-1.0.13.jar
7f16083e9000-7f16083f8000 r--s 000d9000 08:03 409641                     /home/startic/.gradle/wrapper/dists/gradle-1.10-all/6vpvhqu0efs1fqmqr2decq1v12/gradle-1.10/lib/ivy-2.2.0.jar
7f16083f8000-7f1608406000 r--s 0007f000 08:03 409638                     /home/startic/.gradle/wrapper/dists/gradle-1.10-all/6vpvhqu0efs1fqmqr2decq1v12/gradle-1.10/lib/commons-collections-3.2.1.jar
7f1608406000-7f1608462000 r--s 00586000 08:03 409633                     /home/startic/.gradle/wrapper/dists/gradle-1.10-all/6vpvhqu0efs1fqmqr2decq1v12/gradle-1.10/lib/groovy-all-1.8.6.jar
7f1608462000-7f1608489000 r--s 001c3000 08:03 409632                     /home/startic/.gradle/wrapper/dists/gradle-1.10-all/6vpvhqu0efs1fqmqr2decq1v12/gradle-1.10/lib/guava-jdk5-14.0.1.jar
7f1608489000-7f16084a7000 r--s 001cb000 08:03 409637                     /home/startic/.gradle/wrapper/dists/gradle-1.10-all/6vpvhqu0efs1fqmqr2decq1v12/gradle-1.10/lib/ant-1.9.2.jar
7f16084a7000-7f16084d7000 r--s 00192000 08:03 409626                     /home/startic/.gradle/wrapper/dists/gradle-1.10-all/6vpvhqu0efs1fqmqr2decq1v12/gradle-1.10/lib/gradle-core-1.10.jar
7f16084d7000-7f16084d8000 ---p 00000000 00:00 0 
7f16084d8000-7f16085d8000 rw-p 00000000 00:00 0                          [stack:21603]
7f16085d8000-7f16085db000 ---p 00000000 00:00 0 
7f16085db000-7f16086d9000 rw-p 00000000 00:00 0                          [stack:21602]
7f16086d9000-7f16086dc000 ---p 00000000 00:00 0 
7f16086dc000-7f16087da000 rw-p 00000000 00:00 0                          [stack:21601]
7f16087da000-7f16087dd000 ---p 00000000 00:00 0 
7f16087dd000-7f16088db000 rw-p 00000000 00:00 0                          [stack:21600]
7f16088db000-7f16088de000 ---p 00000000 00:00 0 
7f16088de000-7f16089dc000 rw-p 00000000 00:00 0                          [stack:21599]
7f16089dc000-7f16090c0000 r--p 00000000 08:03 5980161                    /usr/lib/locale/locale-archive
7f16090c0000-7f16090c3000 ---p 00000000 00:00 0 
7f16090c3000-7f16091c1000 rw-p 00000000 00:00 0                          [stack:21596]
7f16091c1000-7f16091c4000 ---p 00000000 00:00 0 
7f16091c4000-7f16092c2000 rw-p 00000000 00:00 0                          [stack:21595]
7f16092c2000-7f16092c3000 ---p 00000000 00:00 0 
7f16092c3000-7f16093c3000 rw-p 00000000 00:00 0                          [stack:21594]
7f16093c3000-7f16094c4000 rw-p 00000000 00:00 0 
7f16094c4000-7f16095c5000 rw-p 00000000 00:00 0 
7f16095c5000-7f16096c6000 rw-p 00000000 00:00 0 
7f16096c6000-7f16097c7000 rw-p 00000000 00:00 0 
7f16097c7000-7f16098c8000 rw-p 00000000 00:00 0 
7f16098c8000-7f16098e9000 rw-p 00000000 00:00 0 
7f16098e9000-7f16099ea000 rw-p 00000000 00:00 0 
7f16099ea000-7f1609a0b000 rw-p 00000000 00:00 0 
7f1609a0b000-7f1609b0c000 rw-p 00000000 00:00 0 
7f1609b0c000-7f1609b2d000 rw-p 00000000 00:00 0 
7f1609b2d000-7f1609c2e000 rw-p 00000000 00:00 0 
7f1609c2e000-7f1609c4f000 rw-p 00000000 00:00 0 
7f1609c4f000-7f1609d50000 rw-p 00000000 00:00 0 
7f1609d50000-7f1609d71000 rw-p 00000000 00:00 0 
7f1609d71000-7f1609e72000 rw-p 00000000 00:00 0 
7f1609e72000-7f1609f73000 rw-p 00000000 00:00 0 
7f1609f73000-7f160a074000 rw-p 00000000 00:00 0 
7f160a074000-7f160a175000 rw-p 00000000 00:00 0 
7f160a175000-7f160a276000 rw-p 00000000 00:00 0 
7f160a276000-7f160a377000 rw-p 00000000 00:00 0 
7f160a377000-7f160a3c2000 rw-p 00000000 00:00 0 
7f160a3c2000-7f160a580000 r--s 039d0000 08:03 2016751                    /usr/lib/jvm/java-7-oracle/jre/lib/rt.jar
7f160a580000-7f160a800000 rw-p 00000000 00:00 0 
7f160a800000-7f160d000000 rw-p 00000000 00:00 0 
7f160d000000-7f160d270000 rwxp 00000000 00:00 0 
7f160d270000-7f1610000000 rw-p 00000000 00:00 0 
7f1610000000-7f16105bf000 rw-p 00000000 00:00 0 
7f16105bf000-7f1614000000 ---p 00000000 00:00 0 
7f1614000000-7f1614003000 r--s 0001b000 08:03 409646                     /home/startic/.gradle/wrapper/dists/gradle-1.10-all/6vpvhqu0efs1fqmqr2decq1v12/gradle-1.10/lib/jarjar-1.3.jar
7f1614003000-7f1614008000 r--s 00041000 08:03 409640                     /home/startic/.gradle/wrapper/dists/gradle-1.10-all/6vpvhqu0efs1fqmqr2decq1v12/gradle-1.10/lib/commons-lang-2.6.jar
7f1614008000-7f161400b000 r--s 00018000 08:03 409639                     /home/startic/.gradle/wrapper/dists/gradle-1.10-all/6vpvhqu0efs1fqmqr2decq1v12/gradle-1.10/lib/commons-io-1.4.jar
7f161400b000-7f1614081000 rw-p 00000000 00:00 0 
7f1614081000-7f16140dc000 rw-p 00000000 00:00 0 
7f16140dc000-7f1614104000 rw-p 00000000 00:00 0 
7f1614104000-7f1614105000 ---p 00000000 00:00 0 
7f1614105000-7f1614205000 rw-p 00000000 00:00 0                          [stack:21593]
7f1614205000-7f1614206000 ---p 00000000 00:00 0 
7f1614206000-7f1614306000 rw-p 00000000 00:00 0                          [stack:21592]
7f1614306000-7f1614307000 ---p 00000000 00:00 0 
7f1614307000-7f1614407000 rw-p 00000000 00:00 0                          [stack:21591]
7f1614407000-7f1614408000 ---p 00000000 00:00 0 
7f1614408000-7f1614508000 rw-p 00000000 00:00 0                          [stack:21590]
7f1614508000-7f1614513000 rw-p 00000000 00:00 0 
7f1614513000-7f1614588000 rw-p 00000000 00:00 0 
7f1614588000-7f16145b1000 rw-p 00000000 00:00 0 
7f16145b1000-7f16146de000 rw-p 00000000 00:00 0 
7f16146de000-7f16146e9000 rw-p 00000000 00:00 0 
7f16146e9000-7f161475e000 rw-p 00000000 00:00 0 
7f161475e000-7f1614787000 rw-p 00000000 00:00 0 
7f1614787000-7f16148b3000 rw-p 00000000 00:00 0 
7f16148b3000-7f16148c8000 rw-p 00000000 00:00 0 
7f16148c8000-7f16148d8000 rw-p 00000000 00:00 0 
7f16148d8000-7f161495e000 rw-p 00000000 00:00 0 
7f161495e000-7f161495f000 rw-p 00000000 00:00 0 
7f161495f000-7f1614979000 r-xp 00000000 08:03 2016686                    /usr/lib/jvm/java-7-oracle/jre/lib/amd64/libzip.so
7f1614979000-7f1614b79000 ---p 0001a000 08:03 2016686                    /usr/lib/jvm/java-7-oracle/jre/lib/amd64/libzip.so
7f1614b79000-7f1614b7a000 rw-p 0001a000 08:03 2016686                    /usr/lib/jvm/java-7-oracle/jre/lib/amd64/libzip.so
7f1614b7a000-7f1614b86000 r-xp 00000000 08:03 6643834                    /lib/x86_64-linux-gnu/libnss_files-2.15.so
7f1614b86000-7f1614d85000 ---p 0000c000 08:03 6643834                    /lib/x86_64-linux-gnu/libnss_files-2.15.so
7f1614d85000-7f1614d86000 r--p 0000b000 08:03 6643834                    /lib/x86_64-linux-gnu/libnss_files-2.15.so
7f1614d86000-7f1614d87000 rw-p 0000c000 08:03 6643834                    /lib/x86_64-linux-gnu/libnss_files-2.15.so
7f1614d87000-7f1614d91000 r-xp 00000000 08:03 6643838                    /lib/x86_64-linux-gnu/libnss_nis-2.15.so
7f1614d91000-7f1614f91000 ---p 0000a000 08:03 6643838                    /lib/x86_64-linux-gnu/libnss_nis-2.15.so
7f1614f91000-7f1614f92000 r--p 0000a000 08:03 6643838                    /lib/x86_64-linux-gnu/libnss_nis-2.15.so
7f1614f92000-7f1614f93000 rw-p 0000b000 08:03 6643838                    /lib/x86_64-linux-gnu/libnss_nis-2.15.so
7f1614f93000-7f1614faa000 r-xp 00000000 08:03 6644798                    /lib/x86_64-linux-gnu/libnsl-2.15.so
7f1614faa000-7f16151a9000 ---p 00017000 08:03 6644798                    /lib/x86_64-linux-gnu/libnsl-2.15.so
7f16151a9000-7f16151aa000 r--p 00016000 08:03 6644798                    /lib/x86_64-linux-gnu/libnsl-2.15.so
7f16151aa000-7f16151ab000 rw-p 00017000 08:03 6644798                    /lib/x86_64-linux-gnu/libnsl-2.15.so
7f16151ab000-7f16151ad000 rw-p 00000000 00:00 0 
7f16151ad000-7f16151b5000 r-xp 00000000 08:03 6643832                    /lib/x86_64-linux-gnu/libnss_compat-2.15.so
7f16151b5000-7f16153b4000 ---p 00008000 08:03 6643832                    /lib/x86_64-linux-gnu/libnss_compat-2.15.so
7f16153b4000-7f16153b5000 r--p 00007000 08:03 6643832                    /lib/x86_64-linux-gnu/libnss_compat-2.15.so
7f16153b5000-7f16153b6000 rw-p 00008000 08:03 6643832                    /lib/x86_64-linux-gnu/libnss_compat-2.15.so
7f16153b6000-7f16153df000 r-xp 00000000 08:03 2016683                    /usr/lib/jvm/java-7-oracle/jre/lib/amd64/libjava.so
7f16153df000-7f16155df000 ---p 00029000 08:03 2016683                    /usr/lib/jvm/java-7-oracle/jre/lib/amd64/libjava.so
7f16155df000-7f16155e1000 rw-p 00029000 08:03 2016683                    /usr/lib/jvm/java-7-oracle/jre/lib/amd64/libjava.so
7f16155e1000-7f16155ee000 r-xp 00000000 08:03 2016744                    /usr/lib/jvm/java-7-oracle/jre/lib/amd64/libverify.so
7f16155ee000-7f16157ed000 ---p 0000d000 08:03 2016744                    /usr/lib/jvm/java-7-oracle/jre/lib/amd64/libverify.so
7f16157ed000-7f16157ef000 rw-p 0000c000 08:03 2016744                    /usr/lib/jvm/java-7-oracle/jre/lib/amd64/libverify.so
7f16157ef000-7f16157f6000 r-xp 00000000 08:03 6643837                    /lib/x86_64-linux-gnu/librt-2.15.so
7f16157f6000-7f16159f5000 ---p 00007000 08:03 6643837                    /lib/x86_64-linux-gnu/librt-2.15.so
7f16159f5000-7f16159f6000 r--p 00006000 08:03 6643837                    /lib/x86_64-linux-gnu/librt-2.15.so
7f16159f6000-7f16159f7000 rw-p 00007000 08:03 6643837                    /lib/x86_64-linux-gnu/librt-2.15.so
7f16159f7000-7f1615af2000 r-xp 00000000 08:03 6643841                    /lib/x86_64-linux-gnu/libm-2.15.so
7f1615af2000-7f1615cf1000 ---p 000fb000 08:03 6643841                    /lib/x86_64-linux-gnu/libm-2.15.so
7f1615cf1000-7f1615cf2000 r--p 000fa000 08:03 6643841                    /lib/x86_64-linux-gnu/libm-2.15.so
7f1615cf2000-7f1615cf3000 rw-p 000fb000 08:03 6643841                    /lib/x86_64-linux-gnu/libm-2.15.so
7f1615cf3000-7f1616855000 r-xp 00000000 08:03 2016734                    /usr/lib/jvm/java-7-oracle/jre/lib/amd64/server/libjvm.so
7f1616855000-7f1616a55000 ---p 00b62000 08:03 2016734                    /usr/lib/jvm/java-7-oracle/jre/lib/amd64/server/libjvm.so
7f1616a55000-7f1616b18000 rw-p 00b62000 08:03 2016734                    /usr/lib/jvm/java-7-oracle/jre/lib/amd64/server/libjvm.so
7f1616b18000-7f1616b59000 rw-p 00000000 00:00 0 
7f1616b59000-7f1616d0e000 r-xp 00000000 08:03 6643724                    /lib/x86_64-linux-gnu/libc-2.15.so
7f1616d0e000-7f1616f0e000 ---p 001b5000 08:03 6643724                    /lib/x86_64-linux-gnu/libc-2.15.so
7f1616f0e000-7f1616f12000 r--p 001b5000 08:03 6643724                    /lib/x86_64-linux-gnu/libc-2.15.so
7f1616f12000-7f1616f14000 rw-p 001b9000 08:03 6643724                    /lib/x86_64-linux-gnu/libc-2.15.so
7f1616f14000-7f1616f19000 rw-p 00000000 00:00 0 
7f1616f19000-7f1616f1b000 r-xp 00000000 08:03 6643845                    /lib/x86_64-linux-gnu/libdl-2.15.so
7f1616f1b000-7f161711b000 ---p 00002000 08:03 6643845                    /lib/x86_64-linux-gnu/libdl-2.15.so
7f161711b000-7f161711c000 r--p 00002000 08:03 6643845                    /lib/x86_64-linux-gnu/libdl-2.15.so
7f161711c000-7f161711d000 rw-p 00003000 08:03 6643845                    /lib/x86_64-linux-gnu/libdl-2.15.so
7f161711d000-7f1617133000 r-xp 00000000 08:03 2580534                    /usr/lib/jvm/java-7-oracle/lib/amd64/jli/libjli.so
7f1617133000-7f1617333000 ---p 00016000 08:03 2580534                    /usr/lib/jvm/java-7-oracle/lib/amd64/jli/libjli.so
7f1617333000-7f1617334000 rw-p 00016000 08:03 2580534                    /usr/lib/jvm/java-7-oracle/lib/amd64/jli/libjli.so
7f1617334000-7f161734c000 r-xp 00000000 08:03 6643839                    /lib/x86_64-linux-gnu/libpthread-2.15.so
7f161734c000-7f161754b000 ---p 00018000 08:03 6643839                    /lib/x86_64-linux-gnu/libpthread-2.15.so
7f161754b000-7f161754c000 r--p 00017000 08:03 6643839                    /lib/x86_64-linux-gnu/libpthread-2.15.so
7f161754c000-7f161754d000 rw-p 00018000 08:03 6643839                    /lib/x86_64-linux-gnu/libpthread-2.15.so
7f161754d000-7f1617551000 rw-p 00000000 00:00 0 
7f1617551000-7f1617573000 r-xp 00000000 08:03 6643842                    /lib/x86_64-linux-gnu/ld-2.15.so
7f1617573000-7f1617574000 r--s 00001000 08:03 409645                     /home/startic/.gradle/wrapper/dists/gradle-1.10-all/6vpvhqu0efs1fqmqr2decq1v12/gradle-1.10/lib/jul-to-slf4j-1.7.5.jar
7f1617574000-7f1617575000 r--s 00000000 08:03 409644                     /home/startic/.gradle/wrapper/dists/gradle-1.10-all/6vpvhqu0efs1fqmqr2decq1v12/gradle-1.10/lib/jcip-annotations-1.0.jar
7f1617575000-7f161757a000 r--s 00035000 08:03 409636                     /home/startic/.gradle/wrapper/dists/gradle-1.10-all/6vpvhqu0efs1fqmqr2decq1v12/gradle-1.10/lib/asm-all-5.0_BETA.jar
7f161757a000-7f1617593000 rw-p 00000000 00:00 0 
7f1617593000-7f161759d000 rw-p 00000000 00:00 0 
7f161759d000-7f1617653000 rw-p 00000000 00:00 0 
7f1617653000-7f1617656000 ---p 00000000 00:00 0 
7f1617656000-7f1617754000 rw-p 00000000 00:00 0                          [stack:21589]
7f1617754000-7f1617755000 rw-p 00000000 00:00 0 
7f1617755000-7f1617756000 rw-p 00000000 00:00 0 
7f1617756000-7f1617757000 rw-p 00000000 00:00 0 
7f1617757000-7f1617758000 rw-p 00000000 00:00 0 
7f1617758000-7f161775a000 r--s 00005000 08:03 409631                     /home/startic/.gradle/wrapper/dists/gradle-1.10-all/6vpvhqu0efs1fqmqr2decq1v12/gradle-1.10/lib/slf4j-api-1.7.5.jar
7f161775a000-7f161775b000 r--s 00004000 08:03 409659                     /home/startic/.gradle/wrapper/dists/gradle-1.10-all/6vpvhqu0efs1fqmqr2decq1v12/gradle-1.10/lib/ant-launcher-1.9.2.jar
7f161775b000-7f1617760000 r--s 00022000 08:03 409625                     /home/startic/.gradle/wrapper/dists/gradle-1.10-all/6vpvhqu0efs1fqmqr2decq1v12/gradle-1.10/lib/gradle-base-services-1.10.jar
7f1617760000-7f1617767000 r--s 00036000 08:03 409623                     /home/startic/.gradle/wrapper/dists/gradle-1.10-all/6vpvhqu0efs1fqmqr2decq1v12/gradle-1.10/lib/gradle-launcher-1.10.jar
7f1617767000-7f161776f000 rw-s 00000000 08:03 7299511                    /tmp/hsperfdata_startic/21587
7f161776f000-7f1617770000 rw-p 00000000 00:00 0 
7f1617770000-7f1617771000 ---p 00000000 00:00 0 
7f1617771000-7f1617773000 rw-p 00000000 00:00 0 
7f1617773000-7f1617774000 r--p 00022000 08:03 6643842                    /lib/x86_64-linux-gnu/ld-2.15.so
7f1617774000-7f1617776000 rw-p 00023000 08:03 6643842                    /lib/x86_64-linux-gnu/ld-2.15.so
7fff9c7ff000-7fff9c820000 rw-p 00000000 00:00 0                          [stack]
7fff9c830000-7fff9c832000 r-xp 00000000 00:00 0                          [vdso]
ffffffffff600000-ffffffffff601000 r-xp 00000000 00:00 0                  [vsyscall]

VM Arguments:
jvm_args: -XX:MaxPermSize=256m -XX:+HeapDumpOnOutOfMemoryError -Xmx1024m -Dfile.encoding=UTF-8 
java_command: org.gradle.launcher.daemon.bootstrap.GradleDaemon 1.10 /home/startic/.gradle/daemon 60000 c4987e07-b2f8-4691-beee-a647030c6efe -XX:MaxPermSize=256m -XX:+HeapDumpOnOutOfMemoryError -Xmx1024m -Dfile.encoding=UTF-8
Launcher Type: SUN_STANDARD

Environment Variables:
CLASSPATH=/home/startic/Descargas/android-studio/bin/../lib/bootstrap.jar:/home/startic/Descargas/android-studio/bin/../lib/extensions.jar:/home/startic/Descargas/android-studio/bin/../lib/util.jar:/home/startic/Descargas/android-studio/bin/../lib/jdom.jar:/home/startic/Descargas/android-studio/bin/../lib/log4j.jar:/home/startic/Descargas/android-studio/bin/../lib/trove4j.jar:/home/startic/Descargas/android-studio/bin/../lib/jna.jar:/usr/lib/jvm/java-7-oracle/lib/tools.jar
PATH=/usr/lib/lightdm/lightdm:/usr/local/sbin:/usr/local/bin:/usr/sbin:/usr/bin:/sbin:/bin:/usr/games
LD_LIBRARY_PATH=/home/startic/Descargas/android-studio/bin:
SHELL=/bin/bash
DISPLAY=:0.0

Signal Handlers:
SIGSEGV: [libjvm.so+0x993980], sa_mask[0]=0x7ffbfeff, sa_flags=0x10000004
SIGBUS: [libjvm.so+0x993980], sa_mask[0]=0x7ffbfeff, sa_flags=0x10000004
SIGFPE: [libjvm.so+0x8106e0], sa_mask[0]=0x7ffbfeff, sa_flags=0x10000004
SIGPIPE: [libjvm.so+0x8106e0], sa_mask[0]=0x7ffbfeff, sa_flags=0x10000004
SIGXFSZ: [libjvm.so+0x8106e0], sa_mask[0]=0x7ffbfeff, sa_flags=0x10000004
SIGILL: [libjvm.so+0x8106e0], sa_mask[0]=0x7ffbfeff, sa_flags=0x10000004
SIGUSR1: SIG_DFL, sa_mask[0]=0x00000000, sa_flags=0x00000000
SIGUSR2: [libjvm.so+0x811bd0], sa_mask[0]=0x00000004, sa_flags=0x10000004
SIGHUP: [libjvm.so+0x812b40], sa_mask[0]=0x7ffbfeff, sa_flags=0x10000004
SIGINT: [libjvm.so+0x812b40], sa_mask[0]=0x7ffbfeff, sa_flags=0x10000004
SIGTERM: [libjvm.so+0x812b40], sa_mask[0]=0x7ffbfeff, sa_flags=0x10000004
SIGQUIT: [libjvm.so+0x812b40], sa_mask[0]=0x7ffbfeff, sa_flags=0x10000004


---------------  S Y S T E M  ---------------

OS:wheezy/sid

uname:Linux 3.12.1-031201-generic #201311201654 SMP Wed Nov 20 21:54:49 UTC 2013 x86_64
libc:glibc 2.15 NPTL 2.15 
rlimit: STACK 8192k, CORE 0k, NPROC 63129, NOFILE 4096, AS infinity
load average:6,62 3,77 2,96

/proc/meminfo:
MemTotal:        8100096 kB
MemFree:          150896 kB
Buffers:             360 kB
Cached:           426128 kB
SwapCached:            0 kB
Active:          7194728 kB
Inactive:         403060 kB
Active(anon):    7184112 kB
Inactive(anon):   394764 kB
Active(file):      10616 kB
Inactive(file):     8296 kB
Unevictable:          32 kB
Mlocked:              32 kB
SwapTotal:             0 kB
SwapFree:              0 kB
Dirty:                48 kB
Writeback:             0 kB
AnonPages:       7172120 kB
Mapped:            69316 kB
Shmem:            407012 kB
Slab:              99528 kB
SReclaimable:      30884 kB
SUnreclaim:        68644 kB
KernelStack:       12576 kB
PageTables:       133744 kB
NFS_Unstable:          0 kB
Bounce:                0 kB
WritebackTmp:          0 kB
CommitLimit:     4050048 kB
Committed_AS:   19110644 kB
VmallocTotal:   34359738367 kB
VmallocUsed:      359564 kB
VmallocChunk:   34359373992 kB
HardwareCorrupted:     0 kB
AnonHugePages:         0 kB
HugePages_Total:       0
HugePages_Free:        0
HugePages_Rsvd:        0
HugePages_Surp:        0
Hugepagesize:       2048 kB
DirectMap4k:       59108 kB
DirectMap2M:     3010560 kB
DirectMap1G:     5242880 kB


CPU:total 4 (2 cores per cpu, 2 threads per core) family 6 model 69 stepping 1, cmov, cx8, fxsr, mmx, sse, sse2, sse3, ssse3, sse4.1, sse4.2, popcnt, avx, avx2, aes, erms, ht, tsc, tscinvbit

/proc/cpuinfo:
processor	: 0
vendor_id	: GenuineIntel
cpu family	: 6
model		: 69
model name	: Intel(R) Core(TM) i5-4200U CPU @ 1.60GHz
stepping	: 1
microcode	: 0x16
cpu MHz		: 2299.910
cache size	: 3072 KB
physical id	: 0
siblings	: 4
core id		: 0
cpu cores	: 2
apicid		: 0
initial apicid	: 0
fpu		: yes
fpu_exception	: yes
cpuid level	: 13
wp		: yes
flags		: fpu vme de pse tsc msr pae mce cx8 apic sep mtrr pge mca cmov pat pse36 clflush dts acpi mmx fxsr sse sse2 ss ht tm pbe syscall nx pdpe1gb rdtscp lm constant_tsc arch_perfmon pebs bts rep_good nopl xtopology nonstop_tsc aperfmperf eagerfpu pni pclmulqdq dtes64 monitor ds_cpl vmx est tm2 ssse3 fma cx16 xtpr pdcm pcid sse4_1 sse4_2 movbe popcnt tsc_deadline_timer aes xsave avx f16c rdrand lahf_lm abm ida arat epb xsaveopt pln pts dtherm tpr_shadow vnmi flexpriority ept vpid fsgsbase tsc_adjust bmi1 avx2 smep bmi2 erms invpcid
bogomips	: 4589.53
clflush size	: 64
cache_alignment	: 64
address sizes	: 39 bits physical, 48 bits virtual
power management:

processor	: 1
vendor_id	: GenuineIntel
cpu family	: 6
model		: 69
model name	: Intel(R) Core(TM) i5-4200U CPU @ 1.60GHz
stepping	: 1
microcode	: 0x16
cpu MHz		: 2299.910
cache size	: 3072 KB
physical id	: 0
siblings	: 4
core id		: 0
cpu cores	: 2
apicid		: 1
initial apicid	: 1
fpu		: yes
fpu_exception	: yes
cpuid level	: 13
wp		: yes
flags		: fpu vme de pse tsc msr pae mce cx8 apic sep mtrr pge mca cmov pat pse36 clflush dts acpi mmx fxsr sse sse2 ss ht tm pbe syscall nx pdpe1gb rdtscp lm constant_tsc arch_perfmon pebs bts rep_good nopl xtopology nonstop_tsc aperfmperf eagerfpu pni pclmulqdq dtes64 monitor ds_cpl vmx est tm2 ssse3 fma cx16 xtpr pdcm pcid sse4_1 sse4_2 movbe popcnt tsc_deadline_timer aes xsave avx f16c rdrand lahf_lm abm ida arat epb xsaveopt pln pts dtherm tpr_shadow vnmi flexpriority ept vpid fsgsbase tsc_adjust bmi1 avx2 smep bmi2 erms invpcid
bogomips	: 4589.53
clflush size	: 64
cache_alignment	: 64
address sizes	: 39 bits physical, 48 bits virtual
power management:

processor	: 2
vendor_id	: GenuineIntel
cpu family	: 6
model		: 69
model name	: Intel(R) Core(TM) i5-4200U CPU @ 1.60GHz
stepping	: 1
microcode	: 0x16
cpu MHz		: 2300.000
cache size	: 3072 KB
physical id	: 0
siblings	: 4
core id		: 1
cpu cores	: 2
apicid		: 2
initial apicid	: 2
fpu		: yes
fpu_exception	: yes
cpuid level	: 13
wp		: yes
flags		: fpu vme de pse tsc msr pae mce cx8 apic sep mtrr pge mca cmov pat pse36 clflush dts acpi mmx fxsr sse sse2 ss ht tm pbe syscall nx pdpe1gb rdtscp lm constant_tsc arch_perfmon pebs bts rep_good nopl xtopology nonstop_tsc aperfmperf eagerfpu pni pclmulqdq dtes64 monitor ds_cpl vmx est tm2 ssse3 fma cx16 xtpr pdcm pcid sse4_1 sse4_2 movbe popcnt tsc_deadline_timer aes xsave avx f16c rdrand lahf_lm abm ida arat epb xsaveopt pln pts dtherm tpr_shadow vnmi flexpriority ept vpid fsgsbase tsc_adjust bmi1 avx2 smep bmi2 erms invpcid
bogomips	: 4589.53
clflush size	: 64
cache_alignment	: 64
address sizes	: 39 bits physical, 48 bits virtual
power management:

processor	: 3
vendor_id	: GenuineIntel
cpu family	: 6
model		: 69
model name	: Intel(R) Core(TM) i5-4200U CPU @ 1.60GHz
stepping	: 1
microcode	: 0x16
cpu MHz		: 2300.000
cache size	: 3072 KB
physical id	: 0
siblings	: 4
core id		: 1
cpu cores	: 2
apicid		: 3
initial apicid	: 3
fpu		: yes
fpu_exception	: yes
cpuid level	: 13
wp		: yes
flags		: fpu vme de pse tsc msr pae mce cx8 apic sep mtrr pge mca cmov pat pse36 clflush dts acpi mmx fxsr sse sse2 ss ht tm pbe syscall nx pdpe1gb rdtscp lm constant_tsc arch_perfmon pebs bts rep_good nopl xtopology nonstop_tsc aperfmperf eagerfpu pni pclmulqdq dtes64 monitor ds_cpl vmx est tm2 ssse3 fma cx16 xtpr pdcm pcid sse4_1 sse4_2 movbe popcnt tsc_deadline_timer aes xsave avx f16c rdrand lahf_lm abm ida arat epb xsaveopt pln pts dtherm tpr_shadow vnmi flexpriority ept vpid fsgsbase tsc_adjust bmi1 avx2 smep bmi2 erms invpcid
bogomips	: 4589.53
clflush size	: 64
cache_alignment	: 64
address sizes	: 39 bits physical, 48 bits virtual
power management:



Memory: 4k page, physical 8100096k(151240k free), swap 0k(0k free)

vm_info: Java HotSpot(TM) 64-Bit Server VM (24.55-b03) for linux-amd64 JRE (1.7.0_55-b13), built on Mar 17 2014 19:43:58 by "java_re" with gcc 4.3.0 20080428 (Red Hat 4.3.0-8)

time: Mon Jun  2 17:07:22 2014
elapsed time: 5 seconds

